<?xml version="1.0" encoding="UTF-8"?>
<coverage generated="1772385681056" clover="3.2.0">
  <project timestamp="1772385681056" name="All files">
    <metrics statements="191" coveredstatements="176" conditionals="51" coveredconditionals="31" methods="19" coveredmethods="18" elements="261" coveredelements="225" complexity="0" loc="191" ncloc="191" packages="1" files="3" classes="3"/>
    <file name="index.ts" path="/Users/rohanyeggina/Desktop/nonsudo/packages/receipts/src/index.ts">
      <metrics statements="143" coveredstatements="128" conditionals="50" coveredconditionals="31" methods="17" coveredmethods="16"/>
      <line num="1" count="3" type="stmt"/>
      <line num="2" count="3" type="stmt"/>
      <line num="3" count="3" type="stmt"/>
      <line num="4" count="3" type="stmt"/>
      <line num="6" count="3" type="stmt"/>
      <line num="7" count="3" type="stmt"/>
      <line num="8" count="3" type="stmt"/>
      <line num="9" count="3" type="stmt"/>
      <line num="49" count="3" type="stmt"/>
      <line num="58" count="3" type="stmt"/>
      <line num="71" count="3" type="stmt"/>
      <line num="88" count="3" type="stmt"/>
      <line num="93" count="3" type="stmt"/>
      <line num="104" count="3" type="stmt"/>
      <line num="118" count="62" type="stmt"/>
      <line num="121" count="62" type="cond" truecount="2" falsecount="0"/>
      <line num="122" count="34" type="stmt"/>
      <line num="123" count="28" type="cond" truecount="2" falsecount="0"/>
      <line num="124" count="14" type="stmt"/>
      <line num="125" count="14" type="cond" truecount="1" falsecount="1"/>
      <line num="126" count="0" type="stmt"/>
      <line num="128" count="14" type="stmt"/>
      <line num="132" count="14" type="stmt"/>
      <line num="135" count="62" type="stmt"/>
      <line num="136" count="62" type="stmt"/>
      <line num="137" count="1096" type="cond" truecount="1" falsecount="0"/>
      <line num="138" count="1096" type="stmt"/>
      <line num="141" count="62" type="stmt"/>
      <line num="149" count="31" type="stmt"/>
      <line num="153" count="31" type="stmt"/>
      <line num="164" count="3" type="stmt"/>
      <line num="165" count="41" type="stmt"/>
      <line num="178" count="3" type="stmt"/>
      <line num="183" count="35" type="stmt"/>
      <line num="185" count="35" type="stmt"/>
      <line num="186" count="35" type="cond" truecount="0" falsecount="1"/>
      <line num="187" count="0" type="stmt"/>
      <line num="190" count="35" type="stmt"/>
      <line num="195" count="35" type="cond" truecount="1" falsecount="1"/>
      <line num="196" count="35" type="stmt"/>
      <line num="197" count="35" type="cond" truecount="2" falsecount="0"/>
      <line num="199" count="0" type="stmt"/>
      <line num="200" count="0" type="stmt"/>
      <line num="204" count="35" type="stmt"/>
      <line num="206" count="35" type="stmt"/>
      <line num="212" count="35" type="stmt"/>
      <line num="223" count="3" type="stmt"/>
      <line num="227" count="17" type="stmt"/>
      <line num="228" count="17" type="cond" truecount="0" falsecount="1"/>
      <line num="229" count="0" type="stmt"/>
      <line num="232" count="17" type="stmt"/>
      <line num="234" count="17" type="stmt"/>
      <line num="245" count="3" type="stmt"/>
      <line num="250" count="27" type="cond" truecount="0" falsecount="1"/>
      <line num="251" count="0" type="stmt"/>
      <line num="254" count="27" type="stmt"/>
      <line num="255" count="27" type="stmt"/>
      <line num="257" count="27" type="stmt"/>
      <line num="259" count="27" type="stmt"/>
      <line num="260" count="27" type="cond" truecount="0" falsecount="1"/>
      <line num="261" count="0" type="stmt"/>
      <line num="264" count="27" type="stmt"/>
      <line num="267" count="27" type="stmt"/>
      <line num="269" count="27" type="stmt"/>
      <line num="270" count="26" type="stmt"/>
      <line num="275" count="1" type="stmt"/>
      <line num="295" count="3" type="stmt"/>
      <line num="299" count="11" type="cond" truecount="0" falsecount="1"/>
      <line num="300" count="0" type="stmt"/>
      <line num="304" count="14" type="stmt"/>
      <line num="306" count="11" type="stmt"/>
      <line num="307" count="11" type="stmt"/>
      <line num="309" count="11" type="stmt"/>
      <line num="310" count="25" type="stmt"/>
      <line num="313" count="25" type="stmt"/>
      <line num="314" count="25" type="cond" truecount="1" falsecount="0"/>
      <line num="315" count="1" type="stmt"/>
      <line num="324" count="25" type="cond" truecount="2" falsecount="0"/>
      <line num="326" count="11" type="cond" truecount="0" falsecount="1"/>
      <line num="327" count="0" type="stmt"/>
      <line num="334" count="11" type="cond" truecount="0" falsecount="1"/>
      <line num="335" count="0" type="stmt"/>
      <line num="343" count="14" type="stmt"/>
      <line num="346" count="14" type="stmt"/>
      <line num="347" count="14" type="cond" truecount="1" falsecount="0"/>
      <line num="349" count="1" type="stmt"/>
      <line num="350" count="1" type="stmt"/>
      <line num="359" count="14" type="stmt"/>
      <line num="360" count="14" type="cond" truecount="1" falsecount="1"/>
      <line num="361" count="0" type="stmt"/>
      <line num="368" count="14" type="stmt"/>
      <line num="369" count="14" type="cond" truecount="1" falsecount="0"/>
      <line num="370" count="2" type="stmt"/>
      <line num="382" count="11" type="stmt"/>
      <line num="383" count="11" type="stmt"/>
      <line num="385" count="11" type="cond" truecount="1" falsecount="0"/>
      <line num="386" count="4" type="stmt"/>
      <line num="389" count="7" type="stmt"/>
      <line num="394" count="3" type="stmt"/>
      <line num="400" count="3" type="stmt"/>
      <line num="401" count="2" type="cond" truecount="1" falsecount="0"/>
      <line num="402" count="1" type="stmt"/>
      <line num="403" count="1" type="stmt"/>
      <line num="405" count="3" type="stmt"/>
      <line num="406" count="2" type="stmt"/>
      <line num="425" count="3" type="stmt"/>
      <line num="430" count="12" type="cond" truecount="0" falsecount="1"/>
      <line num="432" count="12" type="cond" truecount="2" falsecount="0"/>
      <line num="433" count="12" type="stmt"/>
      <line num="435" count="12" type="stmt"/>
      <line num="437" count="12" type="stmt"/>
      <line num="438" count="16" type="stmt"/>
      <line num="439" count="16" type="cond" truecount="1" falsecount="0"/>
      <line num="442" count="12" type="cond" truecount="1" falsecount="0"/>
      <line num="443" count="4" type="stmt"/>
      <line num="452" count="8" type="stmt"/>
      <line num="453" count="8" type="stmt"/>
      <line num="455" count="8" type="stmt"/>
      <line num="459" count="8" type="stmt"/>
      <line num="461" count="1" type="stmt"/>
      <line num="469" count="7" type="cond" truecount="0" falsecount="1"/>
      <line num="473" count="0" type="stmt"/>
      <line num="481" count="7" type="cond" truecount="0" falsecount="1"/>
      <line num="482" count="0" type="stmt"/>
      <line num="491" count="7" type="stmt"/>
      <line num="492" count="7" type="stmt"/>
      <line num="496" count="7" type="stmt"/>
      <line num="497" count="7" type="cond" truecount="0" falsecount="1"/>
      <line num="500" count="7" type="cond" truecount="1" falsecount="1"/>
      <line num="506" count="7" type="cond" truecount="0" falsecount="1"/>
      <line num="508" count="7" type="stmt"/>
      <line num="510" count="0" type="stmt"/>
      <line num="518" count="7" type="stmt"/>
      <line num="519" count="7" type="cond" truecount="0" falsecount="1"/>
      <line num="520" count="0" type="stmt"/>
      <line num="526" count="7" type="stmt"/>
      <line num="529" count="7" type="stmt"/>
      <line num="538" count="7" type="cond" truecount="2" falsecount="0"/>
      <line num="539" count="193" type="stmt"/>
      <line num="541" count="7" type="cond" truecount="1" falsecount="0"/>
      <line num="542" count="1" type="stmt"/>
      <line num="549" count="6" type="stmt"/>
      <line num="552" count="6" type="cond" truecount="2" falsecount="0"/>
    </file>
    <file name="test-utils.ts" path="/Users/rohanyeggina/Desktop/nonsudo/packages/receipts/src/test-utils.ts">
      <metrics statements="46" coveredstatements="46" conditionals="1" coveredconditionals="0" methods="1" coveredmethods="1"/>
      <line num="12" count="2" type="stmt"/>
      <line num="13" count="2" type="stmt"/>
      <line num="14" count="2" type="stmt"/>
      <line num="15" count="2" type="stmt"/>
      <line num="16" count="2" type="stmt"/>
      <line num="26" count="2" type="stmt"/>
      <line num="37" count="2" type="stmt"/>
      <line num="49" count="2" type="stmt"/>
      <line num="50" count="11" type="stmt"/>
      <line num="51" count="11" type="cond" truecount="0" falsecount="1"/>
      <line num="53" count="11" type="stmt"/>
      <line num="56" count="11" type="stmt"/>
      <line num="57" count="11" type="stmt"/>
      <line num="58" count="11" type="stmt"/>
      <line num="60" count="11" type="stmt"/>
      <line num="61" count="11" type="stmt"/>
      <line num="62" count="11" type="stmt"/>
      <line num="63" count="11" type="stmt"/>
      <line num="64" count="11" type="stmt"/>
      <line num="65" count="11" type="stmt"/>
      <line num="68" count="11" type="stmt"/>
      <line num="69" count="11" type="stmt"/>
      <line num="70" count="11" type="stmt"/>
      <line num="72" count="11" type="stmt"/>
      <line num="74" count="11" type="stmt"/>
      <line num="77" count="11" type="stmt"/>
      <line num="78" count="11" type="stmt"/>
      <line num="80" count="11" type="stmt"/>
      <line num="81" count="11" type="stmt"/>
      <line num="82" count="11" type="stmt"/>
      <line num="85" count="11" type="stmt"/>
      <line num="86" count="11" type="stmt"/>
      <line num="87" count="11" type="stmt"/>
      <line num="88" count="11" type="stmt"/>
      <line num="89" count="11" type="stmt"/>
      <line num="90" count="11" type="stmt"/>
      <line num="93" count="11" type="stmt"/>
      <line num="94" count="11" type="stmt"/>
      <line num="95" count="11" type="stmt"/>
      <line num="98" count="11" type="stmt"/>
      <line num="99" count="11" type="stmt"/>
      <line num="100" count="11" type="stmt"/>
      <line num="101" count="11" type="stmt"/>
      <line num="102" count="11" type="stmt"/>
      <line num="104" count="11" type="stmt"/>
      <line num="105" count="11" type="stmt"/>
    </file>
    <file name="types.ts" path="/Users/rohanyeggina/Desktop/nonsudo/packages/receipts/src/types.ts">
      <metrics statements="2" coveredstatements="2" conditionals="0" coveredconditionals="0" methods="1" coveredmethods="1"/>
      <line num="8" count="3" type="stmt"/>
      <line num="9" count="27" type="stmt"/>
    </file>
  </project>
</coverage>
