{"/Users/rohanyeggina/Desktop/nonsudo/packages/receipts/src/index.ts": {"path":"/Users/rohanyeggina/Desktop/nonsudo/packages/receipts/src/index.ts","statementMap":{"0":{"start":{"line":164,"column":0},"end":{"line":164,"column":16}},"1":{"start":{"line":178,"column":0},"end":{"line":178,"column":7}},"2":{"start":{"line":223,"column":0},"end":{"line":223,"column":16}},"3":{"start":{"line":245,"column":0},"end":{"line":245,"column":7}},"4":{"start":{"line":295,"column":0},"end":{"line":295,"column":7}},"5":{"start":{"line":400,"column":0},"end":{"line":400,"column":16}},"6":{"start":{"line":425,"column":0},"end":{"line":425,"column":7}},"7":{"start":{"line":1,"column":0},"end":{"line":1,"column":25}},"8":{"start":{"line":2,"column":0},"end":{"line":2,"column":37}},"9":{"start":{"line":3,"column":0},"end":{"line":3,"column":36}},"10":{"start":{"line":4,"column":0},"end":{"line":4,"column":40}},"11":{"start":{"line":6,"column":0},"end":{"line":6,"column":51}},"12":{"start":{"line":7,"column":0},"end":{"line":7,"column":71}},"13":{"start":{"line":8,"column":0},"end":{"line":8,"column":48}},"14":{"start":{"line":9,"column":0},"end":{"line":9,"column":null}},"15":{"start":{"line":49,"column":0},"end":{"line":49,"column":9}},"16":{"start":{"line":49,"column":9},"end":{"line":49,"column":39}},"17":{"start":{"line":58,"column":27},"end":{"line":69,"column":11}},"18":{"start":{"line":71,"column":37},"end":{"line":85,"column":11}},"19":{"start":{"line":88,"column":33},"end":{"line":91,"column":11}},"20":{"start":{"line":93,"column":40},"end":{"line":102,"column":11}},"21":{"start":{"line":104,"column":38},"end":{"line":111,"column":11}},"22":{"start":{"line":118,"column":12},"end":{"line":118,"column":57}},"23":{"start":{"line":121,"column":2},"end":{"line":133,"column":3}},"24":{"start":{"line":122,"column":4},"end":{"line":122,"column":45}},"25":{"start":{"line":123,"column":9},"end":{"line":133,"column":3}},"26":{"start":{"line":124,"column":17},"end":{"line":124,"column":66}},"27":{"start":{"line":125,"column":4},"end":{"line":129,"column":5}},"28":{"start":{"line":126,"column":6},"end":{"line":126,"column":54}},"29":{"start":{"line":128,"column":6},"end":{"line":128,"column":20}},"30":{"start":{"line":132,"column":4},"end":{"line":132,"column":43}},"31":{"start":{"line":135,"column":43},"end":{"line":135,"column":45}},"32":{"start":{"line":136,"column":2},"end":{"line":140,"column":3}},"33":{"start":{"line":137,"column":4},"end":{"line":139,"column":5}},"34":{"start":{"line":138,"column":6},"end":{"line":138,"column":28}},"35":{"start":{"line":141,"column":2},"end":{"line":141,"column":17}},"36":{"start":{"line":149,"column":2},"end":{"line":149,"column":57}},"37":{"start":{"line":153,"column":2},"end":{"line":153,"column":37}},"38":{"start":{"line":165,"column":2},"end":{"line":165,"column":23}},"39":{"start":{"line":183,"column":18},"end":{"line":183,"column":46}},"40":{"start":{"line":185,"column":20},"end":{"line":185,"column":41}},"41":{"start":{"line":186,"column":2},"end":{"line":188,"column":3}},"42":{"start":{"line":187,"column":4},"end":{"line":187,"column":75}},"43":{"start":{"line":190,"column":25},"end":{"line":190,"column":55}},"44":{"start":{"line":195,"column":2},"end":{"line":201,"column":3}},"45":{"start":{"line":196,"column":4},"end":{"line":196,"column":63}},"46":{"start":{"line":197,"column":4},"end":{"line":197,"column":45}},"47":{"start":{"line":199,"column":4},"end":{"line":199,"column":54}},"48":{"start":{"line":200,"column":4},"end":{"line":200,"column":38}},"49":{"start":{"line":204,"column":14},"end":{"line":204,"column":57}},"50":{"start":{"line":206,"column":36},"end":{"line":210,"column":4}},"51":{"start":{"line":212,"column":2},"end":{"line":212,"column":52}},"52":{"start":{"line":227,"column":20},"end":{"line":227,"column":52}},"53":{"start":{"line":228,"column":2},"end":{"line":230,"column":3}},"54":{"start":{"line":229,"column":4},"end":{"line":229,"column":76}},"55":{"start":{"line":232,"column":19},"end":{"line":232,"column":47}},"56":{"start":{"line":234,"column":2},"end":{"line":238,"column":4}},"57":{"start":{"line":250,"column":2},"end":{"line":252,"column":3}},"58":{"start":{"line":251,"column":4},"end":{"line":251,"column":85}},"59":{"start":{"line":254,"column":2},"end":{"line":279,"column":3}},"60":{"start":{"line":255,"column":44},"end":{"line":255,"column":51}},"61":{"start":{"line":257,"column":20},"end":{"line":257,"column":71}},"62":{"start":{"line":259,"column":22},"end":{"line":259,"column":43}},"63":{"start":{"line":260,"column":4},"end":{"line":262,"column":5}},"64":{"start":{"line":261,"column":6},"end":{"line":261,"column":73}},"65":{"start":{"line":264,"column":27},"end":{"line":264,"column":57}},"66":{"start":{"line":267,"column":21},"end":{"line":267,"column":60}},"67":{"start":{"line":269,"column":18},"end":{"line":269,"column":75}},"68":{"start":{"line":270,"column":4},"end":{"line":273,"column":6}},"69":{"start":{"line":275,"column":4},"end":{"line":278,"column":6}},"70":{"start":{"line":299,"column":2},"end":{"line":301,"column":3}},"71":{"start":{"line":300,"column":4},"end":{"line":300,"column":89}},"72":{"start":{"line":304,"column":17},"end":{"line":304,"column":84}},"73":{"start":{"line":304,"column":46},"end":{"line":304,"column":83}},"74":{"start":{"line":306,"column":25},"end":{"line":306,"column":27}},"75":{"start":{"line":307,"column":31},"end":{"line":307,"column":33}},"76":{"start":{"line":309,"column":2},"end":{"line":379,"column":3}},"77":{"start":{"line":309,"column":15},"end":{"line":309,"column":16}},"78":{"start":{"line":310,"column":20},"end":{"line":310,"column":29}},"79":{"start":{"line":313,"column":22},"end":{"line":313,"column":63}},"80":{"start":{"line":314,"column":4},"end":{"line":321,"column":5}},"81":{"start":{"line":315,"column":6},"end":{"line":320,"column":9}},"82":{"start":{"line":324,"column":4},"end":{"line":378,"column":5}},"83":{"start":{"line":326,"column":6},"end":{"line":333,"column":7}},"84":{"start":{"line":327,"column":8},"end":{"line":332,"column":11}},"85":{"start":{"line":334,"column":6},"end":{"line":341,"column":7}},"86":{"start":{"line":335,"column":8},"end":{"line":340,"column":11}},"87":{"start":{"line":343,"column":23},"end":{"line":343,"column":36}},"88":{"start":{"line":346,"column":26},"end":{"line":346,"column":54}},"89":{"start":{"line":347,"column":6},"end":{"line":356,"column":7}},"90":{"start":{"line":349,"column":8},"end":{"line":349,"column":43}},"91":{"start":{"line":350,"column":8},"end":{"line":355,"column":11}},"92":{"start":{"line":359,"column":24},"end":{"line":359,"column":56}},"93":{"start":{"line":360,"column":6},"end":{"line":377,"column":7}},"94":{"start":{"line":361,"column":8},"end":{"line":366,"column":11}},"95":{"start":{"line":368,"column":29},"end":{"line":368,"column":57}},"96":{"start":{"line":369,"column":8},"end":{"line":376,"column":9}},"97":{"start":{"line":370,"column":10},"end":{"line":375,"column":13}},"98":{"start":{"line":382,"column":22},"end":{"line":382,"column":47}},"99":{"start":{"line":383,"column":19},"end":{"line":383,"column":64}},"100":{"start":{"line":385,"column":2},"end":{"line":387,"column":3}},"101":{"start":{"line":386,"column":4},"end":{"line":386,"column":101}},"102":{"start":{"line":386,"column":77},"end":{"line":386,"column":86}},"103":{"start":{"line":389,"column":2},"end":{"line":389,"column":80}},"104":{"start":{"line":394,"column":34},"end":{"line":394,"column":71}},"105":{"start":{"line":401,"column":2},"end":{"line":401,"column":45}},"106":{"start":{"line":401,"column":35},"end":{"line":401,"column":45}},"107":{"start":{"line":402,"column":18},"end":{"line":402,"column":54}},"108":{"start":{"line":403,"column":2},"end":{"line":406,"column":50}},"109":{"start":{"line":405,"column":22},"end":{"line":405,"column":44}},"110":{"start":{"line":406,"column":19},"end":{"line":406,"column":48}},"111":{"start":{"line":430,"column":2},"end":{"line":430,"column":58}},"112":{"start":{"line":430,"column":29},"end":{"line":430,"column":58}},"113":{"start":{"line":432,"column":26},"end":{"line":432,"column":81}},"114":{"start":{"line":433,"column":21},"end":{"line":433,"column":70}},"115":{"start":{"line":433,"column":51},"end":{"line":433,"column":68}},"116":{"start":{"line":435,"column":16},"end":{"line":435,"column":21}},"117":{"start":{"line":437,"column":2},"end":{"line":550,"column":3}},"118":{"start":{"line":438,"column":22},"end":{"line":438,"column":56}},"119":{"start":{"line":439,"column":4},"end":{"line":439,"column":29}},"120":{"start":{"line":439,"column":20},"end":{"line":439,"column":29}},"121":{"start":{"line":442,"column":4},"end":{"line":448,"column":5}},"122":{"start":{"line":443,"column":6},"end":{"line":447,"column":8}},"123":{"start":{"line":452,"column":4},"end":{"line":466,"column":5}},"124":{"start":{"line":453,"column":23},"end":{"line":453,"column":69}},"125":{"start":{"line":455,"column":21},"end":{"line":457,"column":null}},"126":{"start":{"line":459,"column":6},"end":{"line":459,"column":70}},"127":{"start":{"line":461,"column":6},"end":{"line":465,"column":8}},"128":{"start":{"line":469,"column":4},"end":{"line":478,"column":5}},"129":{"start":{"line":473,"column":6},"end":{"line":477,"column":8}},"130":{"start":{"line":481,"column":4},"end":{"line":487,"column":5}},"131":{"start":{"line":482,"column":6},"end":{"line":486,"column":8}},"132":{"start":{"line":491,"column":4},"end":{"line":515,"column":5}},"133":{"start":{"line":492,"column":25},"end":{"line":494,"column":null}},"134":{"start":{"line":496,"column":23},"end":{"line":496,"column":59}},"135":{"start":{"line":497,"column":6},"end":{"line":497,"column":52}},"136":{"start":{"line":497,"column":21},"end":{"line":497,"column":52}},"137":{"start":{"line":500,"column":23},"end":{"line":505,"column":22}},"138":{"start":{"line":506,"column":6},"end":{"line":506,"column":52}},"139":{"start":{"line":506,"column":21},"end":{"line":506,"column":52}},"140":{"start":{"line":508,"column":6},"end":{"line":508,"column":67}},"141":{"start":{"line":510,"column":6},"end":{"line":514,"column":8}},"142":{"start":{"line":518,"column":22},"end":{"line":518,"column":53}},"143":{"start":{"line":519,"column":4},"end":{"line":525,"column":5}},"144":{"start":{"line":520,"column":6},"end":{"line":524,"column":8}},"145":{"start":{"line":526,"column":25},"end":{"line":526,"column":72}},"146":{"start":{"line":529,"column":23},"end":{"line":534,"column":null}},"147":{"start":{"line":538,"column":6},"end":{"line":539,"column":55}},"148":{"start":{"line":539,"column":35},"end":{"line":539,"column":54}},"149":{"start":{"line":541,"column":4},"end":{"line":547,"column":5}},"150":{"start":{"line":542,"column":6},"end":{"line":546,"column":8}},"151":{"start":{"line":549,"column":4},"end":{"line":549,"column":19}},"152":{"start":{"line":552,"column":2},"end":{"line":552,"column":62}}},"fnMap":{"0":{"name":"(anonymous_10)","decl":{"start":{"line":49,"column":9},"end":{"line":49,"column":21}},"loc":{"start":{"line":49,"column":9},"end":{"line":49,"column":39}}},"1":{"name":"buildSigningPayload","decl":{"start":{"line":117,"column":9},"end":{"line":117,"column":28}},"loc":{"start":{"line":117,"column":51},"end":{"line":142,"column":1}}},"2":{"name":"sha256Hex","decl":{"start":{"line":148,"column":9},"end":{"line":148,"column":18}},"loc":{"start":{"line":148,"column":31},"end":{"line":150,"column":1}}},"3":{"name":"sha256PrefixedHex","decl":{"start":{"line":152,"column":9},"end":{"line":152,"column":26}},"loc":{"start":{"line":152,"column":39},"end":{"line":154,"column":1}}},"4":{"name":"createReceipt","decl":{"start":{"line":164,"column":16},"end":{"line":164,"column":29}},"loc":{"start":{"line":164,"column":51},"end":{"line":166,"column":1}}},"5":{"name":"signReceipt","decl":{"start":{"line":178,"column":22},"end":{"line":178,"column":33}},"loc":{"start":{"line":181,"column":16},"end":{"line":213,"column":1}}},"6":{"name":"chainReceipt","decl":{"start":{"line":223,"column":16},"end":{"line":223,"column":28}},"loc":{"start":{"line":225,"column":25},"end":{"line":239,"column":1}}},"7":{"name":"verifySignature","decl":{"start":{"line":245,"column":22},"end":{"line":245,"column":37}},"loc":{"start":{"line":247,"column":23},"end":{"line":280,"column":1}}},"8":{"name":"verifyChain","decl":{"start":{"line":295,"column":22},"end":{"line":295,"column":33}},"loc":{"start":{"line":297,"column":23},"end":{"line":390,"column":1}}},"9":{"name":"(anonymous_19)","decl":{"start":{"line":304,"column":36},"end":{"line":304,"column":37}},"loc":{"start":{"line":304,"column":46},"end":{"line":304,"column":83}}},"10":{"name":"(anonymous_20)","decl":{"start":{"line":386,"column":70},"end":{"line":386,"column":71}},"loc":{"start":{"line":386,"column":77},"end":{"line":386,"column":86}}},"11":{"name":"loadTsaSidecar","decl":{"start":{"line":400,"column":16},"end":{"line":400,"column":30}},"loc":{"start":{"line":400,"column":50},"end":{"line":407,"column":1}}},"12":{"name":"(anonymous_22)","decl":{"start":{"line":405,"column":12},"end":{"line":405,"column":13}},"loc":{"start":{"line":405,"column":22},"end":{"line":405,"column":44}}},"13":{"name":"(anonymous_23)","decl":{"start":{"line":406,"column":9},"end":{"line":406,"column":10}},"loc":{"start":{"line":406,"column":19},"end":{"line":406,"column":48}}},"14":{"name":"verifyL3","decl":{"start":{"line":425,"column":22},"end":{"line":425,"column":30}},"loc":{"start":{"line":428,"column":44},"end":{"line":553,"column":1}}},"15":{"name":"(anonymous_25)","decl":{"start":{"line":433,"column":44},"end":{"line":433,"column":45}},"loc":{"start":{"line":433,"column":51},"end":{"line":433,"column":68}}},"16":{"name":"(anonymous_26)","decl":{"start":{"line":539,"column":25},"end":{"line":539,"column":26}},"loc":{"start":{"line":539,"column":35},"end":{"line":539,"column":54}}}},"branchMap":{"0":{"loc":{"start":{"line":121,"column":2},"end":{"line":133,"column":3}},"type":"if","locations":[{"start":{"line":121,"column":2},"end":{"line":133,"column":3}},{"start":{"line":123,"column":9},"end":{"line":133,"column":3}}]},"1":{"loc":{"start":{"line":123,"column":9},"end":{"line":133,"column":3}},"type":"if","locations":[{"start":{"line":123,"column":9},"end":{"line":133,"column":3}},{"start":{"line":130,"column":9},"end":{"line":133,"column":3}}]},"2":{"loc":{"start":{"line":125,"column":4},"end":{"line":129,"column":5}},"type":"if","locations":[{"start":{"line":125,"column":4},"end":{"line":129,"column":5}},{"start":{"line":127,"column":11},"end":{"line":129,"column":5}}]},"3":{"loc":{"start":{"line":137,"column":4},"end":{"line":139,"column":5}},"type":"if","locations":[{"start":{"line":137,"column":4},"end":{"line":139,"column":5}}]},"4":{"loc":{"start":{"line":186,"column":2},"end":{"line":188,"column":3}},"type":"if","locations":[{"start":{"line":186,"column":2},"end":{"line":188,"column":3}}]},"5":{"loc":{"start":{"line":195,"column":2},"end":{"line":201,"column":3}},"type":"if","locations":[{"start":{"line":195,"column":2},"end":{"line":201,"column":3}},{"start":{"line":198,"column":9},"end":{"line":201,"column":3}}]},"6":{"loc":{"start":{"line":197,"column":20},"end":{"line":197,"column":44}},"type":"binary-expr","locations":[{"start":{"line":197,"column":20},"end":{"line":197,"column":25}},{"start":{"line":197,"column":29},"end":{"line":197,"column":44}}]},"7":{"loc":{"start":{"line":228,"column":2},"end":{"line":230,"column":3}},"type":"if","locations":[{"start":{"line":228,"column":2},"end":{"line":230,"column":3}}]},"8":{"loc":{"start":{"line":250,"column":2},"end":{"line":252,"column":3}},"type":"if","locations":[{"start":{"line":250,"column":2},"end":{"line":252,"column":3}}]},"9":{"loc":{"start":{"line":260,"column":4},"end":{"line":262,"column":5}},"type":"if","locations":[{"start":{"line":260,"column":4},"end":{"line":262,"column":5}}]},"10":{"loc":{"start":{"line":272,"column":14},"end":{"line":272,"column":84}},"type":"cond-expr","locations":[{"start":{"line":272,"column":22},"end":{"line":272,"column":39}},{"start":{"line":272,"column":42},"end":{"line":272,"column":84}}]},"11":{"loc":{"start":{"line":277,"column":37},"end":{"line":277,"column":85}},"type":"cond-expr","locations":[{"start":{"line":277,"column":60},"end":{"line":277,"column":71}},{"start":{"line":277,"column":74},"end":{"line":277,"column":85}}]},"12":{"loc":{"start":{"line":299,"column":2},"end":{"line":301,"column":3}},"type":"if","locations":[{"start":{"line":299,"column":2},"end":{"line":301,"column":3}}]},"13":{"loc":{"start":{"line":314,"column":4},"end":{"line":321,"column":5}},"type":"if","locations":[{"start":{"line":314,"column":4},"end":{"line":321,"column":5}}]},"14":{"loc":{"start":{"line":324,"column":4},"end":{"line":378,"column":5}},"type":"if","locations":[{"start":{"line":324,"column":4},"end":{"line":378,"column":5}},{"start":{"line":342,"column":11},"end":{"line":378,"column":5}}]},"15":{"loc":{"start":{"line":326,"column":6},"end":{"line":333,"column":7}},"type":"if","locations":[{"start":{"line":326,"column":6},"end":{"line":333,"column":7}}]},"16":{"loc":{"start":{"line":334,"column":6},"end":{"line":341,"column":7}},"type":"if","locations":[{"start":{"line":334,"column":6},"end":{"line":341,"column":7}}]},"17":{"loc":{"start":{"line":347,"column":6},"end":{"line":356,"column":7}},"type":"if","locations":[{"start":{"line":347,"column":6},"end":{"line":356,"column":7}}]},"18":{"loc":{"start":{"line":360,"column":6},"end":{"line":377,"column":7}},"type":"if","locations":[{"start":{"line":360,"column":6},"end":{"line":377,"column":7}},{"start":{"line":367,"column":13},"end":{"line":377,"column":7}}]},"19":{"loc":{"start":{"line":369,"column":8},"end":{"line":376,"column":9}},"type":"if","locations":[{"start":{"line":369,"column":8},"end":{"line":376,"column":9}}]},"20":{"loc":{"start":{"line":385,"column":2},"end":{"line":387,"column":3}},"type":"if","locations":[{"start":{"line":385,"column":2},"end":{"line":387,"column":3}}]},"21":{"loc":{"start":{"line":401,"column":2},"end":{"line":401,"column":45}},"type":"if","locations":[{"start":{"line":401,"column":2},"end":{"line":401,"column":45}}]},"22":{"loc":{"start":{"line":430,"column":2},"end":{"line":430,"column":58}},"type":"if","locations":[{"start":{"line":430,"column":2},"end":{"line":430,"column":58}}]},"23":{"loc":{"start":{"line":432,"column":26},"end":{"line":432,"column":81}},"type":"binary-expr","locations":[{"start":{"line":432,"column":26},"end":{"line":432,"column":52}},{"start":{"line":432,"column":56},"end":{"line":432,"column":81}}]},"24":{"loc":{"start":{"line":439,"column":4},"end":{"line":439,"column":29}},"type":"if","locations":[{"start":{"line":439,"column":4},"end":{"line":439,"column":29}}]},"25":{"loc":{"start":{"line":442,"column":4},"end":{"line":448,"column":5}},"type":"if","locations":[{"start":{"line":442,"column":4},"end":{"line":448,"column":5}}]},"26":{"loc":{"start":{"line":469,"column":4},"end":{"line":478,"column":5}},"type":"if","locations":[{"start":{"line":469,"column":4},"end":{"line":478,"column":5}}]},"27":{"loc":{"start":{"line":470,"column":6},"end":{"line":471,"column":56}},"type":"binary-expr","locations":[{"start":{"line":470,"column":6},"end":{"line":470,"column":48}},{"start":{"line":471,"column":6},"end":{"line":471,"column":56}}]},"28":{"loc":{"start":{"line":481,"column":4},"end":{"line":487,"column":5}},"type":"if","locations":[{"start":{"line":481,"column":4},"end":{"line":487,"column":5}}]},"29":{"loc":{"start":{"line":497,"column":6},"end":{"line":497,"column":52}},"type":"if","locations":[{"start":{"line":497,"column":6},"end":{"line":497,"column":52}}]},"30":{"loc":{"start":{"line":500,"column":23},"end":{"line":505,"column":22}},"type":"cond-expr","locations":[{"start":{"line":501,"column":10},"end":{"line":503,"column":null}},{"start":{"line":505,"column":10},"end":{"line":505,"column":22}}]},"31":{"loc":{"start":{"line":506,"column":6},"end":{"line":506,"column":52}},"type":"if","locations":[{"start":{"line":506,"column":6},"end":{"line":506,"column":52}}]},"32":{"loc":{"start":{"line":519,"column":4},"end":{"line":525,"column":5}},"type":"if","locations":[{"start":{"line":519,"column":4},"end":{"line":525,"column":5}}]},"33":{"loc":{"start":{"line":538,"column":6},"end":{"line":539,"column":55}},"type":"binary-expr","locations":[{"start":{"line":538,"column":6},"end":{"line":538,"column":47}},{"start":{"line":539,"column":6},"end":{"line":539,"column":55}}]},"34":{"loc":{"start":{"line":541,"column":4},"end":{"line":547,"column":5}},"type":"if","locations":[{"start":{"line":541,"column":4},"end":{"line":547,"column":5}}]},"35":{"loc":{"start":{"line":552,"column":9},"end":{"line":552,"column":61}},"type":"cond-expr","locations":[{"start":{"line":552,"column":19},"end":{"line":552,"column":37}},{"start":{"line":552,"column":40},"end":{"line":552,"column":61}}]}},"s":{"0":3,"1":3,"2":3,"3":3,"4":3,"5":3,"6":3,"7":3,"8":3,"9":3,"10":3,"11":3,"12":3,"13":3,"14":3,"15":3,"16":3,"17":3,"18":3,"19":3,"20":3,"21":3,"22":62,"23":62,"24":34,"25":28,"26":14,"27":14,"28":0,"29":14,"30":14,"31":62,"32":62,"33":1096,"34":1096,"35":62,"36":31,"37":31,"38":41,"39":35,"40":35,"41":35,"42":0,"43":35,"44":35,"45":35,"46":35,"47":0,"48":0,"49":35,"50":35,"51":35,"52":17,"53":17,"54":0,"55":17,"56":17,"57":27,"58":0,"59":27,"60":27,"61":27,"62":27,"63":27,"64":0,"65":27,"66":27,"67":27,"68":26,"69":1,"70":11,"71":0,"72":11,"73":14,"74":11,"75":11,"76":11,"77":11,"78":25,"79":25,"80":25,"81":1,"82":25,"83":11,"84":0,"85":11,"86":0,"87":14,"88":14,"89":14,"90":1,"91":1,"92":14,"93":14,"94":0,"95":14,"96":14,"97":2,"98":11,"99":11,"100":11,"101":4,"102":4,"103":7,"104":3,"105":2,"106":1,"107":1,"108":1,"109":3,"110":2,"111":12,"112":0,"113":12,"114":12,"115":12,"116":12,"117":12,"118":16,"119":16,"120":4,"121":12,"122":4,"123":8,"124":8,"125":8,"126":8,"127":1,"128":7,"129":0,"130":7,"131":0,"132":7,"133":7,"134":7,"135":7,"136":0,"137":7,"138":7,"139":0,"140":7,"141":0,"142":7,"143":7,"144":0,"145":7,"146":7,"147":7,"148":193,"149":7,"150":1,"151":6,"152":6},"f":{"0":0,"1":62,"2":31,"3":31,"4":41,"5":35,"6":17,"7":27,"8":11,"9":14,"10":4,"11":2,"12":3,"13":2,"14":12,"15":12,"16":193},"b":{"0":[34,28],"1":[14,14],"2":[0,14],"3":[1096],"4":[0],"5":[35,0],"6":[35,14],"7":[0],"8":[0],"9":[0],"10":[25,1],"11":[1,0],"12":[0],"13":[1],"14":[11,14],"15":[0],"16":[0],"17":[1],"18":[0,14],"19":[2],"20":[4],"21":[1],"22":[0],"23":[12,12],"24":[4],"25":[4],"26":[0],"27":[7,0],"28":[0],"29":[0],"30":[7,0],"31":[0],"32":[0],"33":[7,7],"34":[1],"35":[4,2]}}
,"/Users/rohanyeggina/Desktop/nonsudo/packages/receipts/src/test-utils.ts": {"path":"/Users/rohanyeggina/Desktop/nonsudo/packages/receipts/src/test-utils.ts","statementMap":{"0":{"start":{"line":49,"column":0},"end":{"line":49,"column":16}},"1":{"start":{"line":12,"column":0},"end":{"line":12,"column":36}},"2":{"start":{"line":13,"column":0},"end":{"line":13,"column":40}},"3":{"start":{"line":14,"column":0},"end":{"line":14,"column":64}},"4":{"start":{"line":15,"column":0},"end":{"line":15,"column":58}},"5":{"start":{"line":16,"column":0},"end":{"line":16,"column":null}},"6":{"start":{"line":26,"column":0},"end":{"line":26,"column":null}},"7":{"start":{"line":37,"column":19},"end":{"line":37,"column":43}},"8":{"start":{"line":50,"column":20},"end":{"line":50,"column":51}},"9":{"start":{"line":51,"column":2},"end":{"line":51,"column":81}},"10":{"start":{"line":51,"column":18},"end":{"line":51,"column":81}},"11":{"start":{"line":53,"column":20},"end":{"line":53,"column":67}},"12":{"start":{"line":56,"column":18},"end":{"line":56,"column":31}},"13":{"start":{"line":57,"column":2},"end":{"line":57,"column":38}},"14":{"start":{"line":58,"column":2},"end":{"line":58,"column":41}},"15":{"start":{"line":60,"column":13},"end":{"line":60,"column":33}},"16":{"start":{"line":61,"column":16},"end":{"line":61,"column":41}},"17":{"start":{"line":62,"column":2},"end":{"line":62,"column":31}},"18":{"start":{"line":63,"column":2},"end":{"line":63,"column":27}},"19":{"start":{"line":64,"column":2},"end":{"line":64,"column":48}},"20":{"start":{"line":65,"column":2},"end":{"line":65,"column":30}},"21":{"start":{"line":68,"column":20},"end":{"line":68,"column":38}},"22":{"start":{"line":69,"column":2},"end":{"line":69,"column":55}},"23":{"start":{"line":70,"column":2},"end":{"line":70,"column":35}},"24":{"start":{"line":72,"column":2},"end":{"line":72,"column":53}},"25":{"start":{"line":74,"column":21},"end":{"line":74,"column":50}},"26":{"start":{"line":77,"column":21},"end":{"line":77,"column":46}},"27":{"start":{"line":78,"column":2},"end":{"line":78,"column":50}},"28":{"start":{"line":80,"column":27},"end":{"line":80,"column":56}},"29":{"start":{"line":81,"column":2},"end":{"line":81,"column":48}},"30":{"start":{"line":82,"column":2},"end":{"line":82,"column":41}},"31":{"start":{"line":85,"column":13},"end":{"line":85,"column":29}},"32":{"start":{"line":86,"column":2},"end":{"line":86,"column":29}},"33":{"start":{"line":87,"column":2},"end":{"line":87,"column":57}},"34":{"start":{"line":88,"column":2},"end":{"line":88,"column":41}},"35":{"start":{"line":89,"column":2},"end":{"line":89,"column":37}},"36":{"start":{"line":90,"column":16},"end":{"line":90,"column":40}},"37":{"start":{"line":93,"column":18},"end":{"line":93,"column":38}},"38":{"start":{"line":94,"column":2},"end":{"line":94,"column":38}},"39":{"start":{"line":95,"column":2},"end":{"line":95,"column":26}},"40":{"start":{"line":98,"column":15},"end":{"line":98,"column":34}},"41":{"start":{"line":99,"column":21},"end":{"line":99,"column":40}},"42":{"start":{"line":100,"column":2},"end":{"line":100,"column":40}},"43":{"start":{"line":101,"column":2},"end":{"line":101,"column":27}},"44":{"start":{"line":102,"column":2},"end":{"line":102,"column":32}},"45":{"start":{"line":104,"column":18},"end":{"line":104,"column":44}},"46":{"start":{"line":105,"column":2},"end":{"line":105,"column":49}}},"fnMap":{"0":{"name":"buildRfc3161Token","decl":{"start":{"line":49,"column":16},"end":{"line":49,"column":33}},"loc":{"start":{"line":49,"column":56},"end":{"line":106,"column":1}}}},"branchMap":{"0":{"loc":{"start":{"line":51,"column":2},"end":{"line":51,"column":81}},"type":"if","locations":[{"start":{"line":51,"column":2},"end":{"line":51,"column":81}}]}},"s":{"0":2,"1":2,"2":2,"3":2,"4":2,"5":2,"6":2,"7":2,"8":11,"9":11,"10":0,"11":11,"12":11,"13":11,"14":11,"15":11,"16":11,"17":11,"18":11,"19":11,"20":11,"21":11,"22":11,"23":11,"24":11,"25":11,"26":11,"27":11,"28":11,"29":11,"30":11,"31":11,"32":11,"33":11,"34":11,"35":11,"36":11,"37":11,"38":11,"39":11,"40":11,"41":11,"42":11,"43":11,"44":11,"45":11,"46":11},"f":{"0":11},"b":{"0":[0]}}
,"/Users/rohanyeggina/Desktop/nonsudo/packages/receipts/src/types.ts": {"path":"/Users/rohanyeggina/Desktop/nonsudo/packages/receipts/src/types.ts","statementMap":{"0":{"start":{"line":8,"column":0},"end":{"line":8,"column":16}},"1":{"start":{"line":9,"column":2},"end":{"line":9,"column":42}}},"fnMap":{"0":{"name":"isValidKeyId","decl":{"start":{"line":8,"column":16},"end":{"line":8,"column":28}},"loc":{"start":{"line":8,"column":39},"end":{"line":10,"column":1}}}},"branchMap":{},"s":{"0":3,"1":27},"f":{"0":27},"b":{}}
}
