{"total": {"lines":{"total":191,"covered":176,"skipped":0,"pct":92.14},"statements":{"total":202,"covered":183,"skipped":0,"pct":90.59},"functions":{"total":19,"covered":18,"skipped":0,"pct":94.73},"branches":{"total":51,"covered":31,"skipped":0,"pct":60.78},"branchesTrue":{"total":0,"covered":0,"skipped":0,"pct":"Unknown"}}
,"/Users/rohanyeggina/Desktop/nonsudo/packages/receipts/src/index.ts": {"lines":{"total":143,"covered":128,"skipped":0,"pct":89.51},"functions":{"total":17,"covered":16,"skipped":0,"pct":94.11},"statements":{"total":153,"covered":135,"skipped":0,"pct":88.23},"branches":{"total":50,"covered":31,"skipped":0,"pct":62}}
,"/Users/rohanyeggina/Desktop/nonsudo/packages/receipts/src/test-utils.ts": {"lines":{"total":46,"covered":46,"skipped":0,"pct":100},"functions":{"total":1,"covered":1,"skipped":0,"pct":100},"statements":{"total":47,"covered":46,"skipped":0,"pct":97.87},"branches":{"total":1,"covered":0,"skipped":0,"pct":0}}
,"/Users/rohanyeggina/Desktop/nonsudo/packages/receipts/src/types.ts": {"lines":{"total":2,"covered":2,"skipped":0,"pct":100},"functions":{"total":1,"covered":1,"skipped":0,"pct":100},"statements":{"total":2,"covered":2,"skipped":0,"pct":100},"branches":{"total":0,"covered":0,"skipped":0,"pct":100}}
}
