TN:
SF:src/index.ts
FN:49,(anonymous_10)
FN:117,buildSigningPayload
FN:148,sha256Hex
FN:152,sha256PrefixedHex
FN:164,createReceipt
FN:178,signReceipt
FN:223,chainReceipt
FN:245,verifySignature
FN:295,verifyChain
FN:304,(anonymous_19)
FN:386,(anonymous_20)
FN:400,loadTsaSidecar
FN:405,(anonymous_22)
FN:406,(anonymous_23)
FN:425,verifyL3
FN:433,(anonymous_25)
FN:539,(anonymous_26)
FNF:17
FNH:16
FNDA:0,(anonymous_10)
FNDA:62,buildSigningPayload
FNDA:31,sha256Hex
FNDA:31,sha256PrefixedHex
FNDA:41,createReceipt
FNDA:35,signReceipt
FNDA:17,chainReceipt
FNDA:27,verifySignature
FNDA:11,verifyChain
FNDA:14,(anonymous_19)
FNDA:4,(anonymous_20)
FNDA:2,loadTsaSidecar
FNDA:3,(anonymous_22)
FNDA:2,(anonymous_23)
FNDA:12,verifyL3
FNDA:12,(anonymous_25)
FNDA:193,(anonymous_26)
DA:1,3
DA:2,3
DA:3,3
DA:4,3
DA:6,3
DA:7,3
DA:8,3
DA:9,3
DA:49,3
DA:58,3
DA:71,3
DA:88,3
DA:93,3
DA:104,3
DA:118,62
DA:121,62
DA:122,34
DA:123,28
DA:124,14
DA:125,14
DA:126,0
DA:128,14
DA:132,14
DA:135,62
DA:136,62
DA:137,1096
DA:138,1096
DA:141,62
DA:149,31
DA:153,31
DA:164,3
DA:165,41
DA:178,3
DA:183,35
DA:185,35
DA:186,35
DA:187,0
DA:190,35
DA:195,35
DA:196,35
DA:197,35
DA:199,0
DA:200,0
DA:204,35
DA:206,35
DA:212,35
DA:223,3
DA:227,17
DA:228,17
DA:229,0
DA:232,17
DA:234,17
DA:245,3
DA:250,27
DA:251,0
DA:254,27
DA:255,27
DA:257,27
DA:259,27
DA:260,27
DA:261,0
DA:264,27
DA:267,27
DA:269,27
DA:270,26
DA:275,1
DA:295,3
DA:299,11
DA:300,0
DA:304,14
DA:306,11
DA:307,11
DA:309,11
DA:310,25
DA:313,25
DA:314,25
DA:315,1
DA:324,25
DA:326,11
DA:327,0
DA:334,11
DA:335,0
DA:343,14
DA:346,14
DA:347,14
DA:349,1
DA:350,1
DA:359,14
DA:360,14
DA:361,0
DA:368,14
DA:369,14
DA:370,2
DA:382,11
DA:383,11
DA:385,11
DA:386,4
DA:389,7
DA:394,3
DA:400,3
DA:401,2
DA:402,1
DA:403,1
DA:405,3
DA:406,2
DA:425,3
DA:430,12
DA:432,12
DA:433,12
DA:435,12
DA:437,12
DA:438,16
DA:439,16
DA:442,12
DA:443,4
DA:452,8
DA:453,8
DA:455,8
DA:459,8
DA:461,1
DA:469,7
DA:473,0
DA:481,7
DA:482,0
DA:491,7
DA:492,7
DA:496,7
DA:497,7
DA:500,7
DA:506,7
DA:508,7
DA:510,0
DA:518,7
DA:519,7
DA:520,0
DA:526,7
DA:529,7
DA:538,7
DA:539,193
DA:541,7
DA:542,1
DA:549,6
DA:552,6
LF:143
LH:128
BRDA:121,0,0,34
BRDA:121,0,1,28
BRDA:123,1,0,14
BRDA:123,1,1,14
BRDA:125,2,0,0
BRDA:125,2,1,14
BRDA:137,3,0,1096
BRDA:186,4,0,0
BRDA:195,5,0,35
BRDA:195,5,1,0
BRDA:197,6,0,35
BRDA:197,6,1,14
BRDA:228,7,0,0
BRDA:250,8,0,0
BRDA:260,9,0,0
BRDA:272,10,0,25
BRDA:272,10,1,1
BRDA:277,11,0,1
BRDA:277,11,1,0
BRDA:299,12,0,0
BRDA:314,13,0,1
BRDA:324,14,0,11
BRDA:324,14,1,14
BRDA:326,15,0,0
BRDA:334,16,0,0
BRDA:347,17,0,1
BRDA:360,18,0,0
BRDA:360,18,1,14
BRDA:369,19,0,2
BRDA:385,20,0,4
BRDA:401,21,0,1
BRDA:430,22,0,0
BRDA:432,23,0,12
BRDA:432,23,1,12
BRDA:439,24,0,4
BRDA:442,25,0,4
BRDA:469,26,0,0
BRDA:470,27,0,7
BRDA:470,27,1,0
BRDA:481,28,0,0
BRDA:497,29,0,0
BRDA:500,30,0,7
BRDA:500,30,1,0
BRDA:506,31,0,0
BRDA:519,32,0,0
BRDA:538,33,0,7
BRDA:538,33,1,7
BRDA:541,34,0,1
BRDA:552,35,0,4
BRDA:552,35,1,2
BRF:50
BRH:31
end_of_record
TN:
SF:src/test-utils.ts
FN:49,buildRfc3161Token
FNF:1
FNH:1
FNDA:11,buildRfc3161Token
DA:12,2
DA:13,2
DA:14,2
DA:15,2
DA:16,2
DA:26,2
DA:37,2
DA:49,2
DA:50,11
DA:51,11
DA:53,11
DA:56,11
DA:57,11
DA:58,11
DA:60,11
DA:61,11
DA:62,11
DA:63,11
DA:64,11
DA:65,11
DA:68,11
DA:69,11
DA:70,11
DA:72,11
DA:74,11
DA:77,11
DA:78,11
DA:80,11
DA:81,11
DA:82,11
DA:85,11
DA:86,11
DA:87,11
DA:88,11
DA:89,11
DA:90,11
DA:93,11
DA:94,11
DA:95,11
DA:98,11
DA:99,11
DA:100,11
DA:101,11
DA:102,11
DA:104,11
DA:105,11
LF:46
LH:46
BRDA:51,0,0,0
BRF:1
BRH:0
end_of_record
TN:
SF:src/types.ts
FN:8,isValidKeyId
FNF:1
FNH:1
FNDA:27,isValidKeyId
DA:8,3
DA:9,27
LF:2
LH:2
BRF:0
BRH:0
end_of_record
