<?xml version="1.0" encoding="UTF-8"?>
<coverage generated="1772387264348" clover="3.2.0">
  <project timestamp="1772387264348" name="All files">
    <metrics statements="169" coveredstatements="156" conditionals="72" coveredconditionals="60" methods="17" coveredmethods="15" elements="258" coveredelements="231" complexity="0" loc="169" ncloc="169" packages="2" files="9" classes="9"/>
    <package name="src">
      <metrics statements="154" coveredstatements="141" conditionals="71" coveredconditionals="59" methods="16" coveredmethods="14"/>
      <file name="index.ts" path="/Users/rohanyeggina/Desktop/nonsudo/packages/policy/src/index.ts">
        <metrics statements="73" coveredstatements="60" conditionals="29" coveredconditionals="17" methods="12" coveredmethods="10"/>
        <line num="1" count="3" type="stmt"/>
        <line num="2" count="3" type="stmt"/>
        <line num="3" count="3" type="stmt"/>
        <line num="4" count="3" type="stmt"/>
        <line num="5" count="3" type="stmt"/>
        <line num="6" count="3" type="stmt"/>
        <line num="7" count="3" type="stmt"/>
        <line num="17" count="3" type="stmt"/>
        <line num="18" count="3" type="stmt"/>
        <line num="19" count="8" type="stmt"/>
        <line num="34" count="3" type="stmt"/>
        <line num="39" count="4" type="stmt"/>
        <line num="40" count="4" type="stmt"/>
        <line num="43" count="4" type="stmt"/>
        <line num="44" count="4" type="stmt"/>
        <line num="46" count="4" type="stmt"/>
        <line num="47" count="4" type="cond" truecount="3" falsecount="0"/>
        <line num="49" count="1" type="stmt"/>
        <line num="50" count="1" type="stmt"/>
        <line num="51" count="1" type="stmt"/>
        <line num="53" count="4" type="stmt"/>
        <line num="57" count="4" type="stmt"/>
        <line num="58" count="4" type="cond" truecount="1" falsecount="0"/>
        <line num="59" count="1" type="stmt"/>
        <line num="63" count="4" type="stmt"/>
        <line num="71" count="3" type="stmt"/>
        <line num="72" count="2" type="cond" truecount="1" falsecount="1"/>
        <line num="73" count="2" type="stmt"/>
        <line num="74" count="2" type="stmt"/>
        <line num="85" count="3" type="stmt"/>
        <line num="86" count="7" type="cond" truecount="1" falsecount="0"/>
        <line num="87" count="1" type="stmt"/>
        <line num="91" count="6" type="stmt"/>
        <line num="92" count="6" type="stmt"/>
        <line num="94" count="0" type="stmt"/>
        <line num="99" count="6" type="cond" truecount="2" falsecount="1"/>
        <line num="100" count="0" type="stmt"/>
        <line num="103" count="6" type="stmt"/>
        <line num="104" count="6" type="stmt"/>
        <line num="106" count="6" type="cond" truecount="2" falsecount="1"/>
        <line num="107" count="0" type="stmt"/>
        <line num="112" count="6" type="stmt"/>
        <line num="113" count="6" type="cond" truecount="1" falsecount="0"/>
        <line num="114" count="1" type="stmt"/>
        <line num="115" count="1" type="cond" truecount="1" falsecount="1"/>
        <line num="117" count="1" type="stmt"/>
        <line num="120" count="5" type="stmt"/>
        <line num="123" count="5" type="cond" truecount="1" falsecount="2"/>
        <line num="124" count="0" type="stmt"/>
        <line num="125" count="0" type="stmt"/>
        <line num="127" count="0" type="stmt"/>
        <line num="128" count="0" type="stmt"/>
        <line num="129" count="0" type="stmt"/>
        <line num="132" count="0" type="stmt"/>
        <line num="135" count="5" type="stmt"/>
        <line num="149" count="3" type="stmt"/>
        <line num="155" count="79" type="stmt"/>
        <line num="156" count="91" type="cond" truecount="1" falsecount="0"/>
        <line num="157" count="73" type="cond" truecount="1" falsecount="0"/>
        <line num="159" count="65" type="cond" truecount="0" falsecount="1"/>
        <line num="160" count="65" type="cond" truecount="1" falsecount="0"/>
        <line num="162" count="25" type="stmt"/>
        <line num="163" count="25" type="stmt"/>
        <line num="173" count="8" type="stmt"/>
        <line num="184" count="46" type="stmt"/>
        <line num="185" count="47" type="cond" truecount="1" falsecount="0"/>
        <line num="186" count="2" type="cond" truecount="0" falsecount="1"/>
        <line num="187" count="0" type="cond" truecount="0" falsecount="1"/>
        <line num="188" count="0" type="cond" truecount="0" falsecount="1"/>
        <line num="189" count="0" type="stmt"/>
        <line num="190" count="0" type="stmt"/>
        <line num="199" count="2" type="stmt"/>
        <line num="210" count="44" type="stmt"/>
      </file>
      <file name="params-evaluator.ts" path="/Users/rohanyeggina/Desktop/nonsudo/packages/policy/src/params-evaluator.ts">
        <metrics statements="72" coveredstatements="72" conditionals="42" coveredconditionals="42" methods="3" coveredmethods="3"/>
        <line num="11" count="3" type="stmt"/>
        <line num="22" count="81" type="stmt"/>
        <line num="23" count="81" type="cond" truecount="1" falsecount="0"/>
        <line num="24" count="1" type="stmt"/>
        <line num="27" count="1" type="stmt"/>
        <line num="30" count="80" type="stmt"/>
        <line num="31" count="80" type="stmt"/>
        <line num="32" count="96" type="cond" truecount="4" falsecount="0"/>
        <line num="33" count="1" type="stmt"/>
        <line num="35" count="95" type="stmt"/>
        <line num="38" count="79" type="cond" truecount="3" falsecount="0"/>
        <line num="39" count="11" type="stmt"/>
        <line num="41" count="68" type="stmt"/>
        <line num="48" count="82" type="stmt"/>
        <line num="49" count="81" type="stmt"/>
        <line num="52" count="81" type="cond" truecount="1" falsecount="0"/>
        <line num="53" count="1" type="cond" truecount="3" falsecount="0"/>
        <line num="55" count="80" type="cond" truecount="1" falsecount="0"/>
        <line num="56" count="5" type="cond" truecount="3" falsecount="0"/>
        <line num="60" count="75" type="cond" truecount="1" falsecount="0"/>
        <line num="61" count="10" type="stmt"/>
        <line num="64" count="65" type="cond" truecount="11" falsecount="0"/>
        <line num="66" count="5" type="stmt"/>
        <line num="69" count="2" type="stmt"/>
        <line num="72" count="23" type="cond" truecount="1" falsecount="0"/>
        <line num="73" count="2" type="stmt"/>
        <line num="76" count="2" type="stmt"/>
        <line num="78" count="21" type="cond" truecount="1" falsecount="0"/>
        <line num="79" count="1" type="stmt"/>
        <line num="82" count="1" type="stmt"/>
        <line num="84" count="20" type="stmt"/>
        <line num="87" count="4" type="cond" truecount="3" falsecount="0"/>
        <line num="88" count="1" type="stmt"/>
        <line num="91" count="1" type="stmt"/>
        <line num="93" count="3" type="stmt"/>
        <line num="96" count="4" type="cond" truecount="3" falsecount="0"/>
        <line num="97" count="1" type="stmt"/>
        <line num="100" count="1" type="stmt"/>
        <line num="102" count="3" type="stmt"/>
        <line num="105" count="4" type="cond" truecount="3" falsecount="0"/>
        <line num="106" count="1" type="stmt"/>
        <line num="109" count="1" type="stmt"/>
        <line num="111" count="3" type="stmt"/>
        <line num="115" count="3" type="stmt"/>
        <line num="116" count="3" type="stmt"/>
        <line num="118" count="1" type="stmt"/>
        <line num="121" count="1" type="stmt"/>
        <line num="123" count="2" type="stmt"/>
        <line num="128" count="3" type="stmt"/>
        <line num="129" count="3" type="stmt"/>
        <line num="131" count="1" type="stmt"/>
        <line num="134" count="1" type="stmt"/>
        <line num="136" count="2" type="stmt"/>
        <line num="140" count="9" type="cond" truecount="1" falsecount="0"/>
        <line num="141" count="1" type="stmt"/>
        <line num="144" count="1" type="stmt"/>
        <line num="146" count="8" type="stmt"/>
        <line num="149" count="7" type="cond" truecount="1" falsecount="0"/>
        <line num="150" count="1" type="stmt"/>
        <line num="153" count="1" type="stmt"/>
        <line num="155" count="6" type="stmt"/>
        <line num="158" count="1" type="stmt"/>
        <line num="159" count="1" type="stmt"/>
        <line num="162" count="1" type="stmt"/>
        <line num="173" count="3" type="stmt"/>
        <line num="177" count="80" type="stmt"/>
        <line num="178" count="82" type="stmt"/>
        <line num="179" count="82" type="cond" truecount="1" falsecount="0"/>
        <line num="180" count="44" type="stmt"/>
        <line num="184" count="1" type="stmt"/>
        <line num="187" count="1" type="stmt"/>
        <line num="190" count="35" type="stmt"/>
      </file>
      <file name="schema.ts" path="/Users/rohanyeggina/Desktop/nonsudo/packages/policy/src/schema.ts">
        <metrics statements="6" coveredstatements="6" conditionals="0" coveredconditionals="0" methods="0" coveredmethods="0"/>
        <line num="1" count="3" type="stmt"/>
        <line num="3" count="3" type="stmt"/>
        <line num="6" count="3" type="stmt"/>
        <line num="25" count="3" type="stmt"/>
        <line num="39" count="3" type="stmt"/>
        <line num="78" count="3" type="stmt"/>
      </file>
      <file name="types.ts" path="/Users/rohanyeggina/Desktop/nonsudo/packages/policy/src/types.ts">
        <metrics statements="3" coveredstatements="3" conditionals="0" coveredconditionals="0" methods="1" coveredmethods="1"/>
        <line num="73" count="3" type="stmt"/>
        <line num="75" count="3" type="stmt"/>
        <line num="76" count="3" type="stmt"/>
      </file>
    </package>
    <package name="src.schemas">
      <metrics statements="15" coveredstatements="15" conditionals="1" coveredconditionals="1" methods="1" coveredmethods="1"/>
      <file name="aws-s3.ts" path="/Users/rohanyeggina/Desktop/nonsudo/packages/policy/src/schemas/aws-s3.ts">
        <metrics statements="1" coveredstatements="1" conditionals="0" coveredconditionals="0" methods="0" coveredmethods="0"/>
        <line num="3" count="3" type="stmt"/>
      </file>
      <file name="github.ts" path="/Users/rohanyeggina/Desktop/nonsudo/packages/policy/src/schemas/github.ts">
        <metrics statements="1" coveredstatements="1" conditionals="0" coveredconditionals="0" methods="0" coveredmethods="0"/>
        <line num="3" count="3" type="stmt"/>
      </file>
      <file name="index.ts" path="/Users/rohanyeggina/Desktop/nonsudo/packages/policy/src/schemas/index.ts">
        <metrics statements="11" coveredstatements="11" conditionals="1" coveredconditionals="1" methods="1" coveredmethods="1"/>
        <line num="1" count="3" type="stmt"/>
        <line num="2" count="3" type="stmt"/>
        <line num="3" count="3" type="stmt"/>
        <line num="4" count="3" type="stmt"/>
        <line num="6" count="3" type="stmt"/>
        <line num="8" count="3" type="stmt"/>
        <line num="15" count="3" type="stmt"/>
        <line num="16" count="4" type="stmt"/>
        <line num="17" count="4" type="cond" truecount="1" falsecount="0"/>
        <line num="18" count="3" type="stmt"/>
        <line num="22" count="1" type="stmt"/>
      </file>
      <file name="pci-dss.ts" path="/Users/rohanyeggina/Desktop/nonsudo/packages/policy/src/schemas/pci-dss.ts">
        <metrics statements="1" coveredstatements="1" conditionals="0" coveredconditionals="0" methods="0" coveredmethods="0"/>
        <line num="3" count="3" type="stmt"/>
      </file>
      <file name="stripe.ts" path="/Users/rohanyeggina/Desktop/nonsudo/packages/policy/src/schemas/stripe.ts">
        <metrics statements="1" coveredstatements="1" conditionals="0" coveredconditionals="0" methods="0" coveredmethods="0"/>
        <line num="3" count="3" type="stmt"/>
      </file>
    </package>
  </project>
</coverage>
