{"/Users/rohanyeggina/Desktop/nonsudo/packages/policy/src/index.ts": {"path":"/Users/rohanyeggina/Desktop/nonsudo/packages/policy/src/index.ts","statementMap":{"0":{"start":{"line":34,"column":0},"end":{"line":34,"column":16}},"1":{"start":{"line":71,"column":0},"end":{"line":71,"column":16}},"2":{"start":{"line":85,"column":0},"end":{"line":85,"column":16}},"3":{"start":{"line":149,"column":0},"end":{"line":149,"column":16}},"4":{"start":{"line":1,"column":0},"end":{"line":1,"column":25}},"5":{"start":{"line":2,"column":0},"end":{"line":2,"column":33}},"6":{"start":{"line":3,"column":0},"end":{"line":3,"column":32}},"7":{"start":{"line":4,"column":0},"end":{"line":4,"column":40}},"8":{"start":{"line":5,"column":0},"end":{"line":5,"column":48}},"9":{"start":{"line":6,"column":0},"end":{"line":6,"column":52}},"10":{"start":{"line":7,"column":0},"end":{"line":7,"column":52}},"11":{"start":{"line":17,"column":0},"end":{"line":17,"column":9}},"12":{"start":{"line":17,"column":9},"end":{"line":17,"column":52}},"13":{"start":{"line":18,"column":0},"end":{"line":18,"column":9}},"14":{"start":{"line":18,"column":9},"end":{"line":18,"column":42}},"15":{"start":{"line":19,"column":0},"end":{"line":19,"column":9}},"16":{"start":{"line":19,"column":9},"end":{"line":19,"column":23}},"17":{"start":{"line":19,"column":23},"end":{"line":19,"column":66}},"18":{"start":{"line":39,"column":26},"end":{"line":40,"column":null}},"19":{"start":{"line":40,"column":32},"end":{"line":40,"column":46}},"20":{"start":{"line":40,"column":59},"end":{"line":40,"column":65}},"21":{"start":{"line":43,"column":31},"end":{"line":43,"column":33}},"22":{"start":{"line":44,"column":30},"end":{"line":44,"column":47}},"23":{"start":{"line":46,"column":2},"end":{"line":54,"column":3}},"24":{"start":{"line":47,"column":4},"end":{"line":52,"column":5}},"25":{"start":{"line":49,"column":31},"end":{"line":49,"column":79}},"26":{"start":{"line":49,"column":58},"end":{"line":49,"column":78}},"27":{"start":{"line":50,"column":6},"end":{"line":50,"column":39}},"28":{"start":{"line":51,"column":6},"end":{"line":51,"column":41}},"29":{"start":{"line":53,"column":4},"end":{"line":53,"column":22}},"30":{"start":{"line":57,"column":2},"end":{"line":61,"column":3}},"31":{"start":{"line":58,"column":4},"end":{"line":60,"column":5}},"32":{"start":{"line":59,"column":6},"end":{"line":59,"column":28}},"33":{"start":{"line":63,"column":2},"end":{"line":63,"column":16}},"34":{"start":{"line":72,"column":20},"end":{"line":72,"column":69}},"35":{"start":{"line":73,"column":14},"end":{"line":73,"column":73}},"36":{"start":{"line":74,"column":2},"end":{"line":74,"column":25}},"37":{"start":{"line":86,"column":2},"end":{"line":88,"column":3}},"38":{"start":{"line":87,"column":4},"end":{"line":87,"column":58}},"39":{"start":{"line":91,"column":2},"end":{"line":97,"column":3}},"40":{"start":{"line":92,"column":4},"end":{"line":92,"column":55}},"41":{"start":{"line":94,"column":4},"end":{"line":96,"column":6}},"42":{"start":{"line":99,"column":2},"end":{"line":101,"column":3}},"43":{"start":{"line":100,"column":4},"end":{"line":100,"column":82}},"44":{"start":{"line":103,"column":14},"end":{"line":103,"column":44}},"45":{"start":{"line":104,"column":22},"end":{"line":104,"column":35}},"46":{"start":{"line":106,"column":2},"end":{"line":110,"column":3}},"47":{"start":{"line":107,"column":4},"end":{"line":109,"column":6}},"48":{"start":{"line":112,"column":16},"end":{"line":112,"column":49}},"49":{"start":{"line":113,"column":2},"end":{"line":118,"column":3}},"50":{"start":{"line":114,"column":19},"end":{"line":116,"column":17}},"51":{"start":{"line":115,"column":19},"end":{"line":115,"column":58}},"52":{"start":{"line":117,"column":4},"end":{"line":117,"column":81}},"53":{"start":{"line":120,"column":17},"end":{"line":120,"column":55}},"54":{"start":{"line":123,"column":2},"end":{"line":133,"column":3}},"55":{"start":{"line":124,"column":20},"end":{"line":124,"column":48}},"56":{"start":{"line":125,"column":39},"end":{"line":125,"column":41}},"57":{"start":{"line":127,"column":4},"end":{"line":130,"column":5}},"58":{"start":{"line":128,"column":19},"end":{"line":128,"column":40}},"59":{"start":{"line":129,"column":6},"end":{"line":129,"column":39}},"60":{"start":{"line":132,"column":4},"end":{"line":132,"column":62}},"61":{"start":{"line":135,"column":2},"end":{"line":135,"column":16}},"62":{"start":{"line":155,"column":2},"end":{"line":181,"column":3}},"63":{"start":{"line":156,"column":4},"end":{"line":180,"column":5}},"64":{"start":{"line":157,"column":6},"end":{"line":171,"column":7}},"65":{"start":{"line":159,"column":8},"end":{"line":159,"column":39}},"66":{"start":{"line":159,"column":30},"end":{"line":159,"column":39}},"67":{"start":{"line":160,"column":8},"end":{"line":160,"column":68}},"68":{"start":{"line":160,"column":59},"end":{"line":160,"column":68}},"69":{"start":{"line":162,"column":21},"end":{"line":162,"column":46}},"70":{"start":{"line":163,"column":8},"end":{"line":170,"column":10}},"71":{"start":{"line":173,"column":6},"end":{"line":179,"column":8}},"72":{"start":{"line":184,"column":2},"end":{"line":207,"column":3}},"73":{"start":{"line":185,"column":4},"end":{"line":206,"column":5}},"74":{"start":{"line":186,"column":6},"end":{"line":198,"column":7}},"75":{"start":{"line":187,"column":8},"end":{"line":187,"column":39}},"76":{"start":{"line":187,"column":30},"end":{"line":187,"column":39}},"77":{"start":{"line":188,"column":8},"end":{"line":188,"column":68}},"78":{"start":{"line":188,"column":59},"end":{"line":188,"column":68}},"79":{"start":{"line":189,"column":21},"end":{"line":189,"column":46}},"80":{"start":{"line":190,"column":8},"end":{"line":197,"column":10}},"81":{"start":{"line":199,"column":6},"end":{"line":205,"column":8}},"82":{"start":{"line":210,"column":2},"end":{"line":216,"column":4}}},"fnMap":{"0":{"name":"(anonymous_10)","decl":{"start":{"line":17,"column":9},"end":{"line":17,"column":23}},"loc":{"start":{"line":17,"column":9},"end":{"line":17,"column":52}}},"1":{"name":"(anonymous_11)","decl":{"start":{"line":18,"column":9},"end":{"line":18,"column":24}},"loc":{"start":{"line":18,"column":9},"end":{"line":18,"column":42}}},"2":{"name":"(anonymous_12)","decl":{"start":{"line":19,"column":9},"end":{"line":19,"column":21}},"loc":{"start":{"line":19,"column":9},"end":{"line":19,"column":23}}},"3":{"name":"(anonymous_13)","decl":{"start":{"line":19,"column":23},"end":{"line":19,"column":40}},"loc":{"start":{"line":19,"column":23},"end":{"line":19,"column":66}}},"4":{"name":"mergePackRules","decl":{"start":{"line":34,"column":16},"end":{"line":34,"column":30}},"loc":{"start":{"line":36,"column":28},"end":{"line":64,"column":1}}},"5":{"name":"(anonymous_15)","decl":{"start":{"line":40,"column":25},"end":{"line":40,"column":26}},"loc":{"start":{"line":40,"column":32},"end":{"line":40,"column":46}}},"6":{"name":"(anonymous_16)","decl":{"start":{"line":40,"column":52},"end":{"line":40,"column":53}},"loc":{"start":{"line":40,"column":59},"end":{"line":40,"column":65}}},"7":{"name":"(anonymous_17)","decl":{"start":{"line":49,"column":51},"end":{"line":49,"column":52}},"loc":{"start":{"line":49,"column":58},"end":{"line":49,"column":78}}},"8":{"name":"computePolicyBundleHash","decl":{"start":{"line":71,"column":16},"end":{"line":71,"column":39}},"loc":{"start":{"line":71,"column":60},"end":{"line":75,"column":1}}},"9":{"name":"loadPolicy","decl":{"start":{"line":85,"column":16},"end":{"line":85,"column":26}},"loc":{"start":{"line":85,"column":43},"end":{"line":136,"column":1}}},"10":{"name":"(anonymous_20)","decl":{"start":{"line":115,"column":12},"end":{"line":115,"column":13}},"loc":{"start":{"line":115,"column":19},"end":{"line":115,"column":58}}},"11":{"name":"evaluatePolicy","decl":{"start":{"line":149,"column":16},"end":{"line":149,"column":30}},"loc":{"start":{"line":152,"column":43},"end":{"line":217,"column":1}}}},"branchMap":{"0":{"loc":{"start":{"line":47,"column":4},"end":{"line":52,"column":5}},"type":"if","locations":[{"start":{"line":47,"column":4},"end":{"line":52,"column":5}}]},"1":{"loc":{"start":{"line":47,"column":8},"end":{"line":47,"column":80}},"type":"binary-expr","locations":[{"start":{"line":47,"column":8},"end":{"line":47,"column":41}},{"start":{"line":47,"column":45},"end":{"line":47,"column":80}}]},"2":{"loc":{"start":{"line":58,"column":4},"end":{"line":60,"column":5}},"type":"if","locations":[{"start":{"line":58,"column":4},"end":{"line":60,"column":5}}]},"3":{"loc":{"start":{"line":72,"column":20},"end":{"line":72,"column":69}},"type":"binary-expr","locations":[{"start":{"line":72,"column":20},"end":{"line":72,"column":61}},{"start":{"line":72,"column":65},"end":{"line":72,"column":69}}]},"4":{"loc":{"start":{"line":86,"column":2},"end":{"line":88,"column":3}},"type":"if","locations":[{"start":{"line":86,"column":2},"end":{"line":88,"column":3}}]},"5":{"loc":{"start":{"line":95,"column":49},"end":{"line":95,"column":97}},"type":"cond-expr","locations":[{"start":{"line":95,"column":72},"end":{"line":95,"column":83}},{"start":{"line":95,"column":86},"end":{"line":95,"column":97}}]},"6":{"loc":{"start":{"line":99,"column":2},"end":{"line":101,"column":3}},"type":"if","locations":[{"start":{"line":99,"column":2},"end":{"line":101,"column":3}}]},"7":{"loc":{"start":{"line":99,"column":6},"end":{"line":99,"column":37}},"type":"binary-expr","locations":[{"start":{"line":99,"column":6},"end":{"line":99,"column":10}},{"start":{"line":99,"column":14},"end":{"line":99,"column":37}}]},"8":{"loc":{"start":{"line":106,"column":2},"end":{"line":110,"column":3}},"type":"if","locations":[{"start":{"line":106,"column":2},"end":{"line":110,"column":3}}]},"9":{"loc":{"start":{"line":106,"column":6},"end":{"line":106,"column":53}},"type":"binary-expr","locations":[{"start":{"line":106,"column":6},"end":{"line":106,"column":18}},{"start":{"line":106,"column":22},"end":{"line":106,"column":53}}]},"10":{"loc":{"start":{"line":113,"column":2},"end":{"line":118,"column":3}},"type":"if","locations":[{"start":{"line":113,"column":2},"end":{"line":118,"column":3}}]},"11":{"loc":{"start":{"line":115,"column":22},"end":{"line":115,"column":43}},"type":"binary-expr","locations":[{"start":{"line":115,"column":22},"end":{"line":115,"column":36}},{"start":{"line":115,"column":40},"end":{"line":115,"column":43}}]},"12":{"loc":{"start":{"line":123,"column":2},"end":{"line":133,"column":3}},"type":"if","locations":[{"start":{"line":123,"column":2},"end":{"line":133,"column":3}}]},"13":{"loc":{"start":{"line":123,"column":6},"end":{"line":123,"column":49}},"type":"binary-expr","locations":[{"start":{"line":123,"column":6},"end":{"line":123,"column":20}},{"start":{"line":123,"column":24},"end":{"line":123,"column":49}}]},"14":{"loc":{"start":{"line":156,"column":4},"end":{"line":180,"column":5}},"type":"if","locations":[{"start":{"line":156,"column":4},"end":{"line":180,"column":5}}]},"15":{"loc":{"start":{"line":157,"column":6},"end":{"line":171,"column":7}},"type":"if","locations":[{"start":{"line":157,"column":6},"end":{"line":171,"column":7}}]},"16":{"loc":{"start":{"line":159,"column":8},"end":{"line":159,"column":39}},"type":"if","locations":[{"start":{"line":159,"column":8},"end":{"line":159,"column":39}}]},"17":{"loc":{"start":{"line":160,"column":8},"end":{"line":160,"column":68}},"type":"if","locations":[{"start":{"line":160,"column":8},"end":{"line":160,"column":68}}]},"18":{"loc":{"start":{"line":185,"column":4},"end":{"line":206,"column":5}},"type":"if","locations":[{"start":{"line":185,"column":4},"end":{"line":206,"column":5}}]},"19":{"loc":{"start":{"line":186,"column":6},"end":{"line":198,"column":7}},"type":"if","locations":[{"start":{"line":186,"column":6},"end":{"line":198,"column":7}}]},"20":{"loc":{"start":{"line":187,"column":8},"end":{"line":187,"column":39}},"type":"if","locations":[{"start":{"line":187,"column":8},"end":{"line":187,"column":39}}]},"21":{"loc":{"start":{"line":188,"column":8},"end":{"line":188,"column":68}},"type":"if","locations":[{"start":{"line":188,"column":8},"end":{"line":188,"column":68}}]}},"s":{"0":3,"1":3,"2":3,"3":3,"4":3,"5":3,"6":3,"7":3,"8":3,"9":3,"10":3,"11":3,"12":3,"13":3,"14":3,"15":3,"16":8,"17":7,"18":4,"19":4,"20":4,"21":4,"22":4,"23":4,"24":4,"25":1,"26":1,"27":1,"28":1,"29":4,"30":4,"31":4,"32":1,"33":4,"34":2,"35":2,"36":2,"37":7,"38":1,"39":6,"40":6,"41":0,"42":6,"43":0,"44":6,"45":6,"46":6,"47":0,"48":6,"49":6,"50":1,"51":1,"52":1,"53":5,"54":5,"55":0,"56":0,"57":0,"58":0,"59":0,"60":0,"61":5,"62":79,"63":91,"64":73,"65":65,"66":0,"67":65,"68":40,"69":25,"70":25,"71":8,"72":46,"73":47,"74":2,"75":0,"76":0,"77":0,"78":0,"79":0,"80":0,"81":2,"82":44},"f":{"0":0,"1":0,"2":5,"3":4,"4":4,"5":4,"6":4,"7":1,"8":2,"9":7,"10":1,"11":79},"b":{"0":[1],"1":[4,1],"2":[1],"3":[2,0],"4":[1],"5":[0,0],"6":[0],"7":[6,6],"8":[0],"9":[6,6],"10":[1],"11":[1,0],"12":[0],"13":[5,0],"14":[73],"15":[65],"16":[0],"17":[40],"18":[2],"19":[0],"20":[0],"21":[0]}}
,"/Users/rohanyeggina/Desktop/nonsudo/packages/policy/src/params-evaluator.ts": {"path":"/Users/rohanyeggina/Desktop/nonsudo/packages/policy/src/params-evaluator.ts","statementMap":{"0":{"start":{"line":173,"column":0},"end":{"line":173,"column":16}},"1":{"start":{"line":11,"column":18},"end":{"line":11,"column":19}},"2":{"start":{"line":22,"column":16},"end":{"line":22,"column":36}},"3":{"start":{"line":23,"column":2},"end":{"line":28,"column":3}},"4":{"start":{"line":24,"column":4},"end":{"line":26,"column":6}},"5":{"start":{"line":27,"column":4},"end":{"line":27,"column":46}},"6":{"start":{"line":30,"column":25},"end":{"line":30,"column":28}},"7":{"start":{"line":31,"column":2},"end":{"line":36,"column":3}},"8":{"start":{"line":32,"column":4},"end":{"line":34,"column":5}},"9":{"start":{"line":33,"column":6},"end":{"line":33,"column":48}},"10":{"start":{"line":35,"column":4},"end":{"line":35,"column":57}},"11":{"start":{"line":38,"column":2},"end":{"line":40,"column":3}},"12":{"start":{"line":39,"column":4},"end":{"line":39,"column":44}},"13":{"start":{"line":41,"column":2},"end":{"line":41,"column":41}},"14":{"start":{"line":48,"column":31},"end":{"line":48,"column":40}},"15":{"start":{"line":49,"column":39},"end":{"line":49,"column":71}},"16":{"start":{"line":52,"column":2},"end":{"line":54,"column":3}},"17":{"start":{"line":53,"column":4},"end":{"line":53,"column":68}},"18":{"start":{"line":55,"column":2},"end":{"line":57,"column":3}},"19":{"start":{"line":56,"column":4},"end":{"line":56,"column":69}},"20":{"start":{"line":60,"column":2},"end":{"line":62,"column":3}},"21":{"start":{"line":61,"column":4},"end":{"line":61,"column":17}},"22":{"start":{"line":64,"column":2},"end":{"line":164,"column":3}},"23":{"start":{"line":66,"column":6},"end":{"line":66,"column":34}},"24":{"start":{"line":69,"column":6},"end":{"line":69,"column":34}},"25":{"start":{"line":72,"column":6},"end":{"line":77,"column":7}},"26":{"start":{"line":73,"column":8},"end":{"line":75,"column":10}},"27":{"start":{"line":76,"column":8},"end":{"line":76,"column":21}},"28":{"start":{"line":78,"column":6},"end":{"line":83,"column":7}},"29":{"start":{"line":79,"column":8},"end":{"line":81,"column":10}},"30":{"start":{"line":82,"column":8},"end":{"line":82,"column":21}},"31":{"start":{"line":84,"column":6},"end":{"line":84,"column":32}},"32":{"start":{"line":87,"column":6},"end":{"line":92,"column":7}},"33":{"start":{"line":88,"column":8},"end":{"line":90,"column":10}},"34":{"start":{"line":91,"column":8},"end":{"line":91,"column":21}},"35":{"start":{"line":93,"column":6},"end":{"line":93,"column":33}},"36":{"start":{"line":96,"column":6},"end":{"line":101,"column":7}},"37":{"start":{"line":97,"column":8},"end":{"line":99,"column":10}},"38":{"start":{"line":100,"column":8},"end":{"line":100,"column":21}},"39":{"start":{"line":102,"column":6},"end":{"line":102,"column":32}},"40":{"start":{"line":105,"column":6},"end":{"line":110,"column":7}},"41":{"start":{"line":106,"column":8},"end":{"line":108,"column":10}},"42":{"start":{"line":109,"column":8},"end":{"line":109,"column":21}},"43":{"start":{"line":111,"column":6},"end":{"line":111,"column":33}},"44":{"start":{"line":115,"column":6},"end":{"line":122,"column":7}},"45":{"start":{"line":116,"column":8},"end":{"line":116,"column":44}},"46":{"start":{"line":118,"column":8},"end":{"line":120,"column":10}},"47":{"start":{"line":121,"column":8},"end":{"line":121,"column":21}},"48":{"start":{"line":123,"column":6},"end":{"line":123,"column":46}},"49":{"start":{"line":128,"column":6},"end":{"line":135,"column":7}},"50":{"start":{"line":129,"column":8},"end":{"line":129,"column":44}},"51":{"start":{"line":131,"column":8},"end":{"line":133,"column":10}},"52":{"start":{"line":134,"column":8},"end":{"line":134,"column":21}},"53":{"start":{"line":136,"column":6},"end":{"line":136,"column":47}},"54":{"start":{"line":140,"column":6},"end":{"line":145,"column":7}},"55":{"start":{"line":141,"column":8},"end":{"line":143,"column":10}},"56":{"start":{"line":144,"column":8},"end":{"line":144,"column":21}},"57":{"start":{"line":146,"column":6},"end":{"line":146,"column":55}},"58":{"start":{"line":149,"column":6},"end":{"line":154,"column":7}},"59":{"start":{"line":150,"column":8},"end":{"line":152,"column":10}},"60":{"start":{"line":153,"column":8},"end":{"line":153,"column":21}},"61":{"start":{"line":155,"column":6},"end":{"line":155,"column":56}},"62":{"start":{"line":158,"column":32},"end":{"line":158,"column":34}},"63":{"start":{"line":159,"column":6},"end":{"line":161,"column":8}},"64":{"start":{"line":162,"column":6},"end":{"line":162,"column":19}},"65":{"start":{"line":177,"column":2},"end":{"line":189,"column":3}},"66":{"start":{"line":178,"column":4},"end":{"line":188,"column":5}},"67":{"start":{"line":179,"column":6},"end":{"line":181,"column":7}},"68":{"start":{"line":180,"column":8},"end":{"line":180,"column":21}},"69":{"start":{"line":184,"column":6},"end":{"line":186,"column":8}},"70":{"start":{"line":187,"column":6},"end":{"line":187,"column":19}},"71":{"start":{"line":190,"column":2},"end":{"line":190,"column":14}}},"fnMap":{"0":{"name":"getField","decl":{"start":{"line":18,"column":9},"end":{"line":18,"column":17}},"loc":{"start":{"line":20,"column":19},"end":{"line":42,"column":1}}},"1":{"name":"evaluateCondition","decl":{"start":{"line":44,"column":9},"end":{"line":44,"column":26}},"loc":{"start":{"line":46,"column":42},"end":{"line":165,"column":1}}},"2":{"name":"evaluateParams","decl":{"start":{"line":173,"column":16},"end":{"line":173,"column":30}},"loc":{"start":{"line":175,"column":42},"end":{"line":191,"column":1}}}},"branchMap":{"0":{"loc":{"start":{"line":23,"column":2},"end":{"line":28,"column":3}},"type":"if","locations":[{"start":{"line":23,"column":2},"end":{"line":28,"column":3}}]},"1":{"loc":{"start":{"line":32,"column":4},"end":{"line":34,"column":5}},"type":"if","locations":[{"start":{"line":32,"column":4},"end":{"line":34,"column":5}}]},"2":{"loc":{"start":{"line":32,"column":8},"end":{"line":32,"column":80}},"type":"binary-expr","locations":[{"start":{"line":32,"column":8},"end":{"line":32,"column":24}},{"start":{"line":32,"column":28},"end":{"line":32,"column":49}},{"start":{"line":32,"column":53},"end":{"line":32,"column":80}}]},"3":{"loc":{"start":{"line":38,"column":2},"end":{"line":40,"column":3}},"type":"if","locations":[{"start":{"line":38,"column":2},"end":{"line":40,"column":3}}]},"4":{"loc":{"start":{"line":38,"column":6},"end":{"line":38,"column":47}},"type":"binary-expr","locations":[{"start":{"line":38,"column":6},"end":{"line":38,"column":27}},{"start":{"line":38,"column":31},"end":{"line":38,"column":47}}]},"5":{"loc":{"start":{"line":52,"column":2},"end":{"line":54,"column":3}},"type":"if","locations":[{"start":{"line":52,"column":2},"end":{"line":54,"column":3}}]},"6":{"loc":{"start":{"line":53,"column":11},"end":{"line":53,"column":67}},"type":"binary-expr","locations":[{"start":{"line":53,"column":11},"end":{"line":53,"column":16}},{"start":{"line":53,"column":20},"end":{"line":53,"column":44}},{"start":{"line":53,"column":48},"end":{"line":53,"column":67}}]},"7":{"loc":{"start":{"line":55,"column":2},"end":{"line":57,"column":3}},"type":"if","locations":[{"start":{"line":55,"column":2},"end":{"line":57,"column":3}}]},"8":{"loc":{"start":{"line":56,"column":11},"end":{"line":56,"column":68}},"type":"binary-expr","locations":[{"start":{"line":56,"column":11},"end":{"line":56,"column":17}},{"start":{"line":56,"column":21},"end":{"line":56,"column":45}},{"start":{"line":56,"column":49},"end":{"line":56,"column":68}}]},"9":{"loc":{"start":{"line":60,"column":2},"end":{"line":62,"column":3}},"type":"if","locations":[{"start":{"line":60,"column":2},"end":{"line":62,"column":3}}]},"10":{"loc":{"start":{"line":64,"column":2},"end":{"line":164,"column":3}},"type":"switch","locations":[{"start":{"line":65,"column":4},"end":{"line":66,"column":34}},{"start":{"line":68,"column":4},"end":{"line":69,"column":34}},{"start":{"line":71,"column":4},"end":{"line":84,"column":32}},{"start":{"line":86,"column":4},"end":{"line":93,"column":33}},{"start":{"line":95,"column":4},"end":{"line":102,"column":32}},{"start":{"line":104,"column":4},"end":{"line":111,"column":33}},{"start":{"line":113,"column":4},"end":{"line":124,"column":5}},{"start":{"line":126,"column":4},"end":{"line":137,"column":5}},{"start":{"line":139,"column":4},"end":{"line":146,"column":55}},{"start":{"line":148,"column":4},"end":{"line":155,"column":56}},{"start":{"line":157,"column":4},"end":{"line":163,"column":5}}]},"11":{"loc":{"start":{"line":72,"column":6},"end":{"line":77,"column":7}},"type":"if","locations":[{"start":{"line":72,"column":6},"end":{"line":77,"column":7}}]},"12":{"loc":{"start":{"line":78,"column":6},"end":{"line":83,"column":7}},"type":"if","locations":[{"start":{"line":78,"column":6},"end":{"line":83,"column":7}}]},"13":{"loc":{"start":{"line":87,"column":6},"end":{"line":92,"column":7}},"type":"if","locations":[{"start":{"line":87,"column":6},"end":{"line":92,"column":7}}]},"14":{"loc":{"start":{"line":87,"column":10},"end":{"line":87,"column":69}},"type":"binary-expr","locations":[{"start":{"line":87,"column":10},"end":{"line":87,"column":40}},{"start":{"line":87,"column":44},"end":{"line":87,"column":69}}]},"15":{"loc":{"start":{"line":96,"column":6},"end":{"line":101,"column":7}},"type":"if","locations":[{"start":{"line":96,"column":6},"end":{"line":101,"column":7}}]},"16":{"loc":{"start":{"line":96,"column":10},"end":{"line":96,"column":69}},"type":"binary-expr","locations":[{"start":{"line":96,"column":10},"end":{"line":96,"column":40}},{"start":{"line":96,"column":44},"end":{"line":96,"column":69}}]},"17":{"loc":{"start":{"line":105,"column":6},"end":{"line":110,"column":7}},"type":"if","locations":[{"start":{"line":105,"column":6},"end":{"line":110,"column":7}}]},"18":{"loc":{"start":{"line":105,"column":10},"end":{"line":105,"column":69}},"type":"binary-expr","locations":[{"start":{"line":105,"column":10},"end":{"line":105,"column":40}},{"start":{"line":105,"column":44},"end":{"line":105,"column":69}}]},"19":{"loc":{"start":{"line":140,"column":6},"end":{"line":145,"column":7}},"type":"if","locations":[{"start":{"line":140,"column":6},"end":{"line":145,"column":7}}]},"20":{"loc":{"start":{"line":149,"column":6},"end":{"line":154,"column":7}},"type":"if","locations":[{"start":{"line":149,"column":6},"end":{"line":154,"column":7}}]},"21":{"loc":{"start":{"line":179,"column":6},"end":{"line":181,"column":7}},"type":"if","locations":[{"start":{"line":179,"column":6},"end":{"line":181,"column":7}}]}},"s":{"0":3,"1":3,"2":81,"3":81,"4":1,"5":1,"6":80,"7":80,"8":96,"9":1,"10":95,"11":79,"12":11,"13":68,"14":82,"15":81,"16":81,"17":1,"18":80,"19":5,"20":75,"21":10,"22":65,"23":5,"24":2,"25":23,"26":2,"27":2,"28":21,"29":1,"30":1,"31":20,"32":4,"33":1,"34":1,"35":3,"36":4,"37":1,"38":1,"39":3,"40":4,"41":1,"42":1,"43":3,"44":3,"45":3,"46":1,"47":1,"48":2,"49":3,"50":3,"51":1,"52":1,"53":2,"54":9,"55":1,"56":1,"57":8,"58":7,"59":1,"60":1,"61":6,"62":1,"63":1,"64":1,"65":80,"66":82,"67":82,"68":44,"69":1,"70":1,"71":35},"f":{"0":81,"1":82,"2":80},"b":{"0":[1],"1":[1],"2":[96,96,95],"3":[11],"4":[79,70],"5":[1],"6":[1,1,1],"7":[5],"8":[5,2,2],"9":[10],"10":[5,2,23,4,4,4,3,3,9,7,1],"11":[2],"12":[1],"13":[1],"14":[4,3],"15":[1],"16":[4,3],"17":[1],"18":[4,3],"19":[1],"20":[1],"21":[44]}}
,"/Users/rohanyeggina/Desktop/nonsudo/packages/policy/src/schema.ts": {"path":"/Users/rohanyeggina/Desktop/nonsudo/packages/policy/src/schema.ts","statementMap":{"0":{"start":{"line":1,"column":0},"end":{"line":1,"column":22}},"1":{"start":{"line":3,"column":12},"end":{"line":3,"column":40}},"2":{"start":{"line":6,"column":30},"end":{"line":22,"column":2}},"3":{"start":{"line":25,"column":26},"end":{"line":36,"column":2}},"4":{"start":{"line":39,"column":21},"end":{"line":76,"column":2}},"5":{"start":{"line":78,"column":13},"end":{"line":78,"column":62}}},"fnMap":{},"branchMap":{},"s":{"0":3,"1":3,"2":3,"3":3,"4":3,"5":3},"f":{},"b":{}}
,"/Users/rohanyeggina/Desktop/nonsudo/packages/policy/src/types.ts": {"path":"/Users/rohanyeggina/Desktop/nonsudo/packages/policy/src/types.ts","statementMap":{"0":{"start":{"line":75,"column":4},"end":{"line":75,"column":19}},"1":{"start":{"line":76,"column":4},"end":{"line":76,"column":34}},"2":{"start":{"line":73,"column":0},"end":{"line":73,"column":13}}},"fnMap":{"0":{"name":"(anonymous_0)","decl":{"start":{"line":74,"column":2},"end":{"line":74,"column":14}},"loc":{"start":{"line":74,"column":29},"end":{"line":77,"column":3}}}},"branchMap":{},"s":{"0":3,"1":3,"2":3},"f":{"0":3},"b":{}}
,"/Users/rohanyeggina/Desktop/nonsudo/packages/policy/src/schemas/aws-s3.ts": {"path":"/Users/rohanyeggina/Desktop/nonsudo/packages/policy/src/schemas/aws-s3.ts","statementMap":{"0":{"start":{"line":3,"column":13},"end":{"line":32,"column":2}}},"fnMap":{},"branchMap":{},"s":{"0":3},"f":{},"b":{}}
,"/Users/rohanyeggina/Desktop/nonsudo/packages/policy/src/schemas/github.ts": {"path":"/Users/rohanyeggina/Desktop/nonsudo/packages/policy/src/schemas/github.ts","statementMap":{"0":{"start":{"line":3,"column":13},"end":{"line":49,"column":2}}},"fnMap":{},"branchMap":{},"s":{"0":3},"f":{},"b":{}}
,"/Users/rohanyeggina/Desktop/nonsudo/packages/policy/src/schemas/index.ts": {"path":"/Users/rohanyeggina/Desktop/nonsudo/packages/policy/src/schemas/index.ts","statementMap":{"0":{"start":{"line":15,"column":0},"end":{"line":15,"column":16}},"1":{"start":{"line":1,"column":0},"end":{"line":1,"column":41}},"2":{"start":{"line":2,"column":0},"end":{"line":2,"column":41}},"3":{"start":{"line":3,"column":0},"end":{"line":3,"column":40}},"4":{"start":{"line":4,"column":0},"end":{"line":4,"column":41}},"5":{"start":{"line":6,"column":0},"end":{"line":6,"column":43}},"6":{"start":{"line":8,"column":13},"end":{"line":13,"column":2}},"7":{"start":{"line":16,"column":15},"end":{"line":16,"column":31}},"8":{"start":{"line":17,"column":2},"end":{"line":21,"column":3}},"9":{"start":{"line":18,"column":4},"end":{"line":20,"column":6}},"10":{"start":{"line":22,"column":2},"end":{"line":22,"column":14}}},"fnMap":{"0":{"name":"resolveSchemaPack","decl":{"start":{"line":15,"column":16},"end":{"line":15,"column":33}},"loc":{"start":{"line":15,"column":44},"end":{"line":23,"column":1}}}},"branchMap":{"0":{"loc":{"start":{"line":17,"column":2},"end":{"line":21,"column":3}},"type":"if","locations":[{"start":{"line":17,"column":2},"end":{"line":21,"column":3}}]}},"s":{"0":3,"1":3,"2":3,"3":3,"4":3,"5":3,"6":3,"7":4,"8":4,"9":3,"10":1},"f":{"0":4},"b":{"0":[3]}}
,"/Users/rohanyeggina/Desktop/nonsudo/packages/policy/src/schemas/pci-dss.ts": {"path":"/Users/rohanyeggina/Desktop/nonsudo/packages/policy/src/schemas/pci-dss.ts","statementMap":{"0":{"start":{"line":3,"column":13},"end":{"line":40,"column":2}}},"fnMap":{},"branchMap":{},"s":{"0":3},"f":{},"b":{}}
,"/Users/rohanyeggina/Desktop/nonsudo/packages/policy/src/schemas/stripe.ts": {"path":"/Users/rohanyeggina/Desktop/nonsudo/packages/policy/src/schemas/stripe.ts","statementMap":{"0":{"start":{"line":3,"column":13},"end":{"line":73,"column":2}}},"fnMap":{},"branchMap":{},"s":{"0":3},"f":{},"b":{}}
}
