{"total": {"lines":{"total":169,"covered":128,"skipped":0,"pct":75.73},"statements":{"total":179,"covered":135,"skipped":0,"pct":75.41},"functions":{"total":17,"covered":15,"skipped":0,"pct":88.23},"branches":{"total":72,"covered":40,"skipped":0,"pct":55.55},"branchesTrue":{"total":0,"covered":0,"skipped":0,"pct":100}}
,"/Users/rohanyeggina/Desktop/nonsudo/packages/policy/src/index.ts": {"lines":{"total":73,"covered":60,"skipped":0,"pct":82.19},"functions":{"total":12,"covered":10,"skipped":0,"pct":83.33},"statements":{"total":83,"covered":67,"skipped":0,"pct":80.72},"branches":{"total":29,"covered":17,"skipped":0,"pct":58.62}}
,"/Users/rohanyeggina/Desktop/nonsudo/packages/policy/src/params-evaluator.ts": {"lines":{"total":72,"covered":44,"skipped":0,"pct":61.11},"functions":{"total":3,"covered":3,"skipped":0,"pct":100},"statements":{"total":72,"covered":44,"skipped":0,"pct":61.11},"branches":{"total":42,"covered":22,"skipped":0,"pct":52.38}}
,"/Users/rohanyeggina/Desktop/nonsudo/packages/policy/src/schema.ts": {"lines":{"total":6,"covered":6,"skipped":0,"pct":100},"functions":{"total":0,"covered":0,"skipped":0,"pct":100},"statements":{"total":6,"covered":6,"skipped":0,"pct":100},"branches":{"total":0,"covered":0,"skipped":0,"pct":100}}
,"/Users/rohanyeggina/Desktop/nonsudo/packages/policy/src/types.ts": {"lines":{"total":3,"covered":3,"skipped":0,"pct":100},"functions":{"total":1,"covered":1,"skipped":0,"pct":100},"statements":{"total":3,"covered":3,"skipped":0,"pct":100},"branches":{"total":0,"covered":0,"skipped":0,"pct":100}}
,"/Users/rohanyeggina/Desktop/nonsudo/packages/policy/src/schemas/aws-s3.ts": {"lines":{"total":1,"covered":1,"skipped":0,"pct":100},"functions":{"total":0,"covered":0,"skipped":0,"pct":100},"statements":{"total":1,"covered":1,"skipped":0,"pct":100},"branches":{"total":0,"covered":0,"skipped":0,"pct":100}}
,"/Users/rohanyeggina/Desktop/nonsudo/packages/policy/src/schemas/github.ts": {"lines":{"total":1,"covered":1,"skipped":0,"pct":100},"functions":{"total":0,"covered":0,"skipped":0,"pct":100},"statements":{"total":1,"covered":1,"skipped":0,"pct":100},"branches":{"total":0,"covered":0,"skipped":0,"pct":100}}
,"/Users/rohanyeggina/Desktop/nonsudo/packages/policy/src/schemas/index.ts": {"lines":{"total":11,"covered":11,"skipped":0,"pct":100},"functions":{"total":1,"covered":1,"skipped":0,"pct":100},"statements":{"total":11,"covered":11,"skipped":0,"pct":100},"branches":{"total":1,"covered":1,"skipped":0,"pct":100}}
,"/Users/rohanyeggina/Desktop/nonsudo/packages/policy/src/schemas/pci-dss.ts": {"lines":{"total":1,"covered":1,"skipped":0,"pct":100},"functions":{"total":0,"covered":0,"skipped":0,"pct":100},"statements":{"total":1,"covered":1,"skipped":0,"pct":100},"branches":{"total":0,"covered":0,"skipped":0,"pct":100}}
,"/Users/rohanyeggina/Desktop/nonsudo/packages/policy/src/schemas/stripe.ts": {"lines":{"total":1,"covered":1,"skipped":0,"pct":100},"functions":{"total":0,"covered":0,"skipped":0,"pct":100},"statements":{"total":1,"covered":1,"skipped":0,"pct":100},"branches":{"total":0,"covered":0,"skipped":0,"pct":100}}
}
