TN:
SF:src/index.ts
FN:17,(anonymous_10)
FN:18,(anonymous_11)
FN:19,(anonymous_12)
FN:19,(anonymous_13)
FN:34,mergePackRules
FN:40,(anonymous_15)
FN:40,(anonymous_16)
FN:49,(anonymous_17)
FN:71,computePolicyBundleHash
FN:85,loadPolicy
FN:115,(anonymous_20)
FN:149,evaluatePolicy
FNF:12
FNH:10
FNDA:0,(anonymous_10)
FNDA:0,(anonymous_11)
FNDA:5,(anonymous_12)
FNDA:4,(anonymous_13)
FNDA:4,mergePackRules
FNDA:4,(anonymous_15)
FNDA:4,(anonymous_16)
FNDA:1,(anonymous_17)
FNDA:2,computePolicyBundleHash
FNDA:7,loadPolicy
FNDA:1,(anonymous_20)
FNDA:79,evaluatePolicy
DA:1,3
DA:2,3
DA:3,3
DA:4,3
DA:5,3
DA:6,3
DA:7,3
DA:17,3
DA:18,3
DA:19,8
DA:34,3
DA:39,4
DA:40,4
DA:43,4
DA:44,4
DA:46,4
DA:47,4
DA:49,1
DA:50,1
DA:51,1
DA:53,4
DA:57,4
DA:58,4
DA:59,1
DA:63,4
DA:71,3
DA:72,2
DA:73,2
DA:74,2
DA:85,3
DA:86,7
DA:87,1
DA:91,6
DA:92,6
DA:94,0
DA:99,6
DA:100,0
DA:103,6
DA:104,6
DA:106,6
DA:107,0
DA:112,6
DA:113,6
DA:114,1
DA:115,1
DA:117,1
DA:120,5
DA:123,5
DA:124,0
DA:125,0
DA:127,0
DA:128,0
DA:129,0
DA:132,0
DA:135,5
DA:149,3
DA:155,79
DA:156,91
DA:157,73
DA:159,65
DA:160,65
DA:162,25
DA:163,25
DA:173,8
DA:184,46
DA:185,47
DA:186,2
DA:187,0
DA:188,0
DA:189,0
DA:190,0
DA:199,2
DA:210,44
LF:73
LH:60
BRDA:47,0,0,1
BRDA:47,1,0,4
BRDA:47,1,1,1
BRDA:58,2,0,1
BRDA:72,3,0,2
BRDA:72,3,1,0
BRDA:86,4,0,1
BRDA:95,5,0,0
BRDA:95,5,1,0
BRDA:99,6,0,0
BRDA:99,7,0,6
BRDA:99,7,1,6
BRDA:106,8,0,0
BRDA:106,9,0,6
BRDA:106,9,1,6
BRDA:113,10,0,1
BRDA:115,11,0,1
BRDA:115,11,1,0
BRDA:123,12,0,0
BRDA:123,13,0,5
BRDA:123,13,1,0
BRDA:156,14,0,73
BRDA:157,15,0,65
BRDA:159,16,0,0
BRDA:160,17,0,40
BRDA:185,18,0,2
BRDA:186,19,0,0
BRDA:187,20,0,0
BRDA:188,21,0,0
BRF:29
BRH:17
end_of_record
TN:
SF:src/params-evaluator.ts
FN:18,getField
FN:44,evaluateCondition
FN:173,evaluateParams
FNF:3
FNH:3
FNDA:81,getField
FNDA:82,evaluateCondition
FNDA:80,evaluateParams
DA:11,3
DA:22,81
DA:23,81
DA:24,1
DA:27,1
DA:30,80
DA:31,80
DA:32,96
DA:33,1
DA:35,95
DA:38,79
DA:39,11
DA:41,68
DA:48,82
DA:49,81
DA:52,81
DA:53,1
DA:55,80
DA:56,5
DA:60,75
DA:61,10
DA:64,65
DA:66,5
DA:69,2
DA:72,23
DA:73,2
DA:76,2
DA:78,21
DA:79,1
DA:82,1
DA:84,20
DA:87,4
DA:88,1
DA:91,1
DA:93,3
DA:96,4
DA:97,1
DA:100,1
DA:102,3
DA:105,4
DA:106,1
DA:109,1
DA:111,3
DA:115,3
DA:116,3
DA:118,1
DA:121,1
DA:123,2
DA:128,3
DA:129,3
DA:131,1
DA:134,1
DA:136,2
DA:140,9
DA:141,1
DA:144,1
DA:146,8
DA:149,7
DA:150,1
DA:153,1
DA:155,6
DA:158,1
DA:159,1
DA:162,1
DA:173,3
DA:177,80
DA:178,82
DA:179,82
DA:180,44
DA:184,1
DA:187,1
DA:190,35
LF:72
LH:72
BRDA:23,0,0,1
BRDA:32,1,0,1
BRDA:32,2,0,96
BRDA:32,2,1,96
BRDA:32,2,2,95
BRDA:38,3,0,11
BRDA:38,4,0,79
BRDA:38,4,1,70
BRDA:52,5,0,1
BRDA:53,6,0,1
BRDA:53,6,1,1
BRDA:53,6,2,1
BRDA:55,7,0,5
BRDA:56,8,0,5
BRDA:56,8,1,2
BRDA:56,8,2,2
BRDA:60,9,0,10
BRDA:64,10,0,5
BRDA:64,10,1,2
BRDA:64,10,2,23
BRDA:64,10,3,4
BRDA:64,10,4,4
BRDA:64,10,5,4
BRDA:64,10,6,3
BRDA:64,10,7,3
BRDA:64,10,8,9
BRDA:64,10,9,7
BRDA:64,10,10,1
BRDA:72,11,0,2
BRDA:78,12,0,1
BRDA:87,13,0,1
BRDA:87,14,0,4
BRDA:87,14,1,3
BRDA:96,15,0,1
BRDA:96,16,0,4
BRDA:96,16,1,3
BRDA:105,17,0,1
BRDA:105,18,0,4
BRDA:105,18,1,3
BRDA:140,19,0,1
BRDA:149,20,0,1
BRDA:179,21,0,44
BRF:42
BRH:42
end_of_record
TN:
SF:src/schema.ts
FNF:0
FNH:0
DA:1,3
DA:3,3
DA:6,3
DA:25,3
DA:39,3
DA:78,3
LF:6
LH:6
BRF:0
BRH:0
end_of_record
TN:
SF:src/types.ts
FN:74,(anonymous_0)
FNF:1
FNH:1
FNDA:3,(anonymous_0)
DA:73,3
DA:75,3
DA:76,3
LF:3
LH:3
BRF:0
BRH:0
end_of_record
TN:
SF:src/schemas/aws-s3.ts
FNF:0
FNH:0
DA:3,3
LF:1
LH:1
BRF:0
BRH:0
end_of_record
TN:
SF:src/schemas/github.ts
FNF:0
FNH:0
DA:3,3
LF:1
LH:1
BRF:0
BRH:0
end_of_record
TN:
SF:src/schemas/index.ts
FN:15,resolveSchemaPack
FNF:1
FNH:1
FNDA:4,resolveSchemaPack
DA:1,3
DA:2,3
DA:3,3
DA:4,3
DA:6,3
DA:8,3
DA:15,3
DA:16,4
DA:17,4
DA:18,3
DA:22,1
LF:11
LH:11
BRDA:17,0,0,3
BRF:1
BRH:1
end_of_record
TN:
SF:src/schemas/pci-dss.ts
FNF:0
FNH:0
DA:3,3
LF:1
LH:1
BRF:0
BRH:0
end_of_record
TN:
SF:src/schemas/stripe.ts
FNF:0
FNH:0
DA:3,3
LF:1
LH:1
BRF:0
BRH:0
end_of_record
